[16:14:02.513] Global cache location '/home/carlos.filho/.cache/typescript/4.6', safe file path '/home/carlos.filho/.npm-global/lib/node_modules/typescript/lib/typingSafeList.json', types map path /home/carlos.filho/.npm-global/lib/node_modules/typescript/lib/typesMap.json
[16:14:02.515] Processing cache location '/home/carlos.filho/.cache/typescript/4.6'
[16:14:02.516] Trying to find '/home/carlos.filho/.cache/typescript/4.6/package.json'...
[16:14:02.517] Finished processing cache location '/home/carlos.filho/.cache/typescript/4.6'
[16:14:02.520] Process id: 142017
[16:14:02.520] NPM location: /usr/bin/npm (explicit '--npmLocation' not  provided)
[16:14:02.521] validateDefaultNpmLocation: false
[16:14:02.522] Npm config file: /home/carlos.filho/.cache/typescript/4.6/package.json
[16:14:02.523] Npm config file: '/home/carlos.filho/.cache/typescript/4.6/package.json' is missing, creating new one...
[16:14:02.530] Updating types-registry npm package...
[16:14:02.531] Exec: /usr/bin/npm install --ignore-scripts types-registry@latest
[16:14:07.467]     Succeeded. stdout:
    
    added 1 package, and audited 2 packages in 4s

found 0 vulnerabilities

[16:14:07.468] Updated types-registry npm package
[16:14:15.429] Got install request {"projectName":"/dev/null/inferredProject1*","fileNames":["/home/carlos.filho/.npm-global/lib/node_modules/typescript/lib/lib.es5.d.ts","/home/carlos.filho/.npm-global/lib/node_modules/typescript/lib/lib.es2015.d.ts","/home/carlos.filho/.npm-global/lib/node_modules/typescript/lib/lib.es2016.d.ts","/home/carlos.filho/.npm-global/lib/node_modules/typescript/lib/lib.dom.d.ts","/home/carlos.filho/.npm-global/lib/node_modules/typescript/lib/lib.dom.iterable.d.ts","/home/carlos.filho/.npm-global/lib/node_modules/typescript/lib/lib.webworker.importscripts.d.ts","/home/carlos.filho/.npm-global/lib/node_modules/typescript/lib/lib.scripthost.d.ts","/home/carlos.filho/.npm-global/lib/node_modules/typescript/lib/lib.es2015.core.d.ts","/home/carlos.filho/.npm-global/lib/node_modules/typescript/lib/lib.es2015.collection.d.ts","/home/carlos.filho/.npm-global/lib/node_modules/typescript/lib/lib.es2015.generator.d.ts","/home/carlos.filho/.npm-global/lib/node_modules/typescript/lib/lib.es2015.iterable.d.ts","/home/carlos.filho/.npm-global/lib/node_modules/typescript/lib/lib.es2015.promise.d.ts","/home/carlos.filho/.npm-global/lib/node_modules/typescript/lib/lib.es2015.proxy.d.ts","/home/carlos.filho/.npm-global/lib/node_modules/typescript/lib/lib.es2015.reflect.d.ts","/home/carlos.filho/.npm-global/lib/node_modules/typescript/lib/lib.es2015.symbol.d.ts","/home/carlos.filho/.npm-global/lib/node_modules/typescript/lib/lib.es2015.symbol.wellknown.d.ts","/home/carlos.filho/.npm-global/lib/node_modules/typescript/lib/lib.es2016.array.include.d.ts","/home/carlos.filho/.npm-global/lib/node_modules/typescript/lib/lib.es2016.full.d.ts","/home/carlos.filho/Documentos/Projects/Recup-FrontEndII/assets/js/main.js"],"compilerOptions":{"module":1,"target":3,"jsx":1,"allowJs":true,"allowSyntheticDefaultImports":true,"allowNonTsExtensions":true,"noEmitForJsFiles":true,"maxNodeModuleJsDepth":2},"typeAcquisition":{"enable":true,"include":[],"exclude":[]},"unresolvedImports":[],"projectRootPath":"/home/carlos.filho/Documentos/Projects/Recup-FrontEndII/assets/js","kind":"discover"}
[16:14:15.482] Loaded safelist from types map file '/home/carlos.filho/.npm-global/lib/node_modules/typescript/lib/typesMap.json'
[16:14:15.483] Explicitly included types: []
[16:14:15.489] Inferred typings from unresolved imports: []
[16:14:15.489] Result: {"cachedTypingPaths":[],"newTypingNames":[],"filesToWatch":["/home/carlos.filho/Documentos/Projects/Recup-FrontEndII/assets/js/bower_components","/home/carlos.filho/Documentos/Projects/Recup-FrontEndII/assets/js/node_modules"]}
[16:14:15.489] Finished typings discovery: {"cachedTypingPaths":[],"newTypingNames":[],"filesToWatch":["/home/carlos.filho/Documentos/Projects/Recup-FrontEndII/assets/js/bower_components","/home/carlos.filho/Documentos/Projects/Recup-FrontEndII/assets/js/node_modules"]}
[16:14:15.491] DirectoryWatcher:: Added:: WatchInfo: /home/carlos.filho/Documentos/Projects/Recup-FrontEndII/assets/js/bower_components
[16:14:15.492] DirectoryWatcher:: Added:: WatchInfo: /home/carlos.filho/Documentos/Projects/Recup-FrontEndII/assets/js/bower_components 1 undefined Project: /dev/null/inferredProject1* watcher already invoked: false
[16:14:15.497] Elapsed:: 4.912142999470234ms DirectoryWatcher:: Added:: WatchInfo: /home/carlos.filho/Documentos/Projects/Recup-FrontEndII/assets/js/bower_components 1 undefined Project: /dev/null/inferredProject1* watcher already invoked: false
[16:14:15.498] DirectoryWatcher:: Added:: WatchInfo: /home/carlos.filho/Documentos/Projects/Recup-FrontEndII/assets/js/node_modules
[16:14:15.498] DirectoryWatcher:: Added:: WatchInfo: /home/carlos.filho/Documentos/Projects/Recup-FrontEndII/assets/js/node_modules 1 undefined Project: /dev/null/inferredProject1* watcher already invoked: false
[16:14:15.498] Elapsed:: 0.3929490000009537ms DirectoryWatcher:: Added:: WatchInfo: /home/carlos.filho/Documentos/Projects/Recup-FrontEndII/assets/js/node_modules 1 undefined Project: /dev/null/inferredProject1* watcher already invoked: false
[16:14:15.499] Sending response:
    {"projectName":"/dev/null/inferredProject1*","typeAcquisition":{"enable":true,"include":[],"exclude":[]},"compilerOptions":{"module":1,"target":3,"jsx":1,"allowJs":true,"allowSyntheticDefaultImports":true,"allowNonTsExtensions":true,"noEmitForJsFiles":true,"maxNodeModuleJsDepth":2},"typings":[],"unresolvedImports":[],"kind":"action::set"}
[16:14:15.500] Response has been sent.
[16:14:15.500] No new typings were requested as a result of typings discovery
[16:14:15.501] Got install request {"projectName":"/dev/null/inferredProject2*","fileNames":["/home/carlos.filho/.npm-global/lib/node_modules/typescript/lib/lib.es5.d.ts","/home/carlos.filho/.npm-global/lib/node_modules/typescript/lib/lib.es2015.d.ts","/home/carlos.filho/.npm-global/lib/node_modules/typescript/lib/lib.es2016.d.ts","/home/carlos.filho/.npm-global/lib/node_modules/typescript/lib/lib.dom.d.ts","/home/carlos.filho/.npm-global/lib/node_modules/typescript/lib/lib.dom.iterable.d.ts","/home/carlos.filho/.npm-global/lib/node_modules/typescript/lib/lib.webworker.importscripts.d.ts","/home/carlos.filho/.npm-global/lib/node_modules/typescript/lib/lib.scripthost.d.ts","/home/carlos.filho/.npm-global/lib/node_modules/typescript/lib/lib.es2015.core.d.ts","/home/carlos.filho/.npm-global/lib/node_modules/typescript/lib/lib.es2015.collection.d.ts","/home/carlos.filho/.npm-global/lib/node_modules/typescript/lib/lib.es2015.generator.d.ts","/home/carlos.filho/.npm-global/lib/node_modules/typescript/lib/lib.es2015.iterable.d.ts","/home/carlos.filho/.npm-global/lib/node_modules/typescript/lib/lib.es2015.promise.d.ts","/home/carlos.filho/.npm-global/lib/node_modules/typescript/lib/lib.es2015.proxy.d.ts","/home/carlos.filho/.npm-global/lib/node_modules/typescript/lib/lib.es2015.reflect.d.ts","/home/carlos.filho/.npm-global/lib/node_modules/typescript/lib/lib.es2015.symbol.d.ts","/home/carlos.filho/.npm-global/lib/node_modules/typescript/lib/lib.es2015.symbol.wellknown.d.ts","/home/carlos.filho/.npm-global/lib/node_modules/typescript/lib/lib.es2016.array.include.d.ts","/home/carlos.filho/.npm-global/lib/node_modules/typescript/lib/lib.es2016.full.d.ts","/home/carlos.filho/Documentos/Projects/Recup-FrontEndII/assets/js/drawElements.js"],"compilerOptions":{"module":1,"target":3,"jsx":1,"allowJs":true,"allowSyntheticDefaultImports":true,"allowNonTsExtensions":true,"noEmitForJsFiles":true,"maxNodeModuleJsDepth":2},"typeAcquisition":{"enable":true,"include":[],"exclude":[]},"unresolvedImports":[],"projectRootPath":"/home/carlos.filho/Documentos/Projects/Recup-FrontEndII/assets/js","kind":"discover"}
[16:14:15.501] Explicitly included types: []
[16:14:15.502] Inferred typings from unresolved imports: []
[16:14:15.502] Result: {"cachedTypingPaths":[],"newTypingNames":[],"filesToWatch":["/home/carlos.filho/Documentos/Projects/Recup-FrontEndII/assets/js/bower_components","/home/carlos.filho/Documentos/Projects/Recup-FrontEndII/assets/js/node_modules"]}
[16:14:15.502] Finished typings discovery: {"cachedTypingPaths":[],"newTypingNames":[],"filesToWatch":["/home/carlos.filho/Documentos/Projects/Recup-FrontEndII/assets/js/bower_components","/home/carlos.filho/Documentos/Projects/Recup-FrontEndII/assets/js/node_modules"]}
[16:14:15.502] DirectoryWatcher:: Added:: WatchInfo: /home/carlos.filho/Documentos/Projects/Recup-FrontEndII/assets/js/bower_components
[16:14:15.502] DirectoryWatcher:: Added:: WatchInfo: /home/carlos.filho/Documentos/Projects/Recup-FrontEndII/assets/js/bower_components 1 undefined Project: /dev/null/inferredProject2* watcher already invoked: false
[16:14:15.503] Elapsed:: 0.05336800031363964ms DirectoryWatcher:: Added:: WatchInfo: /home/carlos.filho/Documentos/Projects/Recup-FrontEndII/assets/js/bower_components 1 undefined Project: /dev/null/inferredProject2* watcher already invoked: false
[16:14:15.503] DirectoryWatcher:: Added:: WatchInfo: /home/carlos.filho/Documentos/Projects/Recup-FrontEndII/assets/js/node_modules
[16:14:15.503] DirectoryWatcher:: Added:: WatchInfo: /home/carlos.filho/Documentos/Projects/Recup-FrontEndII/assets/js/node_modules 1 undefined Project: /dev/null/inferredProject2* watcher already invoked: false
[16:14:15.503] Elapsed:: 0.03413799963891506ms DirectoryWatcher:: Added:: WatchInfo: /home/carlos.filho/Documentos/Projects/Recup-FrontEndII/assets/js/node_modules 1 undefined Project: /dev/null/inferredProject2* watcher already invoked: false
[16:14:15.504] Sending response:
    {"projectName":"/dev/null/inferredProject2*","typeAcquisition":{"enable":true,"include":[],"exclude":[]},"compilerOptions":{"module":1,"target":3,"jsx":1,"allowJs":true,"allowSyntheticDefaultImports":true,"allowNonTsExtensions":true,"noEmitForJsFiles":true,"maxNodeModuleJsDepth":2},"typings":[],"unresolvedImports":[],"kind":"action::set"}
[16:14:15.504] Response has been sent.
[16:14:15.504] No new typings were requested as a result of typings discovery
[16:14:15.539] Got install request {"projectName":"/dev/null/inferredProject1*","fileNames":[],"compilerOptions":{"module":1,"target":3,"jsx":1,"allowJs":true,"allowSyntheticDefaultImports":true,"allowNonTsExtensions":true,"noEmitForJsFiles":true},"typeAcquisition":{"enable":true,"include":[],"exclude":[]},"unresolvedImports":[],"projectRootPath":"/home/carlos.filho/Documentos/Projects/Recup-FrontEndII/assets/js","kind":"discover"}
[16:14:15.539] Explicitly included types: []
[16:14:15.539] Inferred typings from unresolved imports: []
[16:14:15.539] Result: {"cachedTypingPaths":[],"newTypingNames":[],"filesToWatch":["/home/carlos.filho/Documentos/Projects/Recup-FrontEndII/assets/js/bower_components","/home/carlos.filho/Documentos/Projects/Recup-FrontEndII/assets/js/node_modules"]}
[16:14:15.540] Finished typings discovery: {"cachedTypingPaths":[],"newTypingNames":[],"filesToWatch":["/home/carlos.filho/Documentos/Projects/Recup-FrontEndII/assets/js/bower_components","/home/carlos.filho/Documentos/Projects/Recup-FrontEndII/assets/js/node_modules"]}
[16:14:15.541] Sending response:
    {"projectName":"/dev/null/inferredProject1*","typeAcquisition":{"enable":true,"include":[],"exclude":[]},"compilerOptions":{"module":1,"target":3,"jsx":1,"allowJs":true,"allowSyntheticDefaultImports":true,"allowNonTsExtensions":true,"noEmitForJsFiles":true},"typings":[],"unresolvedImports":[],"kind":"action::set"}
[16:14:15.541] Response has been sent.
[16:14:15.541] No new typings were requested as a result of typings discovery
[16:14:16.888] Got install request {"projectName":"/dev/null/inferredProject1*","fileNames":["/home/carlos.filho/.npm-global/lib/node_modules/typescript/lib/lib.es5.d.ts","/home/carlos.filho/.npm-global/lib/node_modules/typescript/lib/lib.es2015.d.ts","/home/carlos.filho/.npm-global/lib/node_modules/typescript/lib/lib.es2016.d.ts","/home/carlos.filho/.npm-global/lib/node_modules/typescript/lib/lib.dom.d.ts","/home/carlos.filho/.npm-global/lib/node_modules/typescript/lib/lib.dom.iterable.d.ts","/home/carlos.filho/.npm-global/lib/node_modules/typescript/lib/lib.webworker.importscripts.d.ts","/home/carlos.filho/.npm-global/lib/node_modules/typescript/lib/lib.scripthost.d.ts","/home/carlos.filho/.npm-global/lib/node_modules/typescript/lib/lib.es2015.core.d.ts","/home/carlos.filho/.npm-global/lib/node_modules/typescript/lib/lib.es2015.collection.d.ts","/home/carlos.filho/.npm-global/lib/node_modules/typescript/lib/lib.es2015.generator.d.ts","/home/carlos.filho/.npm-global/lib/node_modules/typescript/lib/lib.es2015.iterable.d.ts","/home/carlos.filho/.npm-global/lib/node_modules/typescript/lib/lib.es2015.promise.d.ts","/home/carlos.filho/.npm-global/lib/node_modules/typescript/lib/lib.es2015.proxy.d.ts","/home/carlos.filho/.npm-global/lib/node_modules/typescript/lib/lib.es2015.reflect.d.ts","/home/carlos.filho/.npm-global/lib/node_modules/typescript/lib/lib.es2015.symbol.d.ts","/home/carlos.filho/.npm-global/lib/node_modules/typescript/lib/lib.es2015.symbol.wellknown.d.ts","/home/carlos.filho/.npm-global/lib/node_modules/typescript/lib/lib.es2016.array.include.d.ts","/home/carlos.filho/.npm-global/lib/node_modules/typescript/lib/lib.es2016.full.d.ts","/home/carlos.filho/Documentos/Projects/Recup-FrontEndII/assets/js/main.js"],"compilerOptions":{"module":1,"target":3,"jsx":1,"allowJs":true,"allowSyntheticDefaultImports":true,"allowNonTsExtensions":true,"noEmitForJsFiles":true,"maxNodeModuleJsDepth":2},"typeAcquisition":{"enable":true,"include":[],"exclude":[]},"unresolvedImports":[],"projectRootPath":"/home/carlos.filho/Documentos/Projects/Recup-FrontEndII/assets/js","kind":"discover"}
[16:14:16.889] Explicitly included types: []
[16:14:16.889] Inferred typings from unresolved imports: []
[16:14:16.889] Result: {"cachedTypingPaths":[],"newTypingNames":[],"filesToWatch":["/home/carlos.filho/Documentos/Projects/Recup-FrontEndII/assets/js/bower_components","/home/carlos.filho/Documentos/Projects/Recup-FrontEndII/assets/js/node_modules"]}
[16:14:16.889] Finished typings discovery: {"cachedTypingPaths":[],"newTypingNames":[],"filesToWatch":["/home/carlos.filho/Documentos/Projects/Recup-FrontEndII/assets/js/bower_components","/home/carlos.filho/Documentos/Projects/Recup-FrontEndII/assets/js/node_modules"]}
[16:14:16.889] Sending response:
    {"projectName":"/dev/null/inferredProject1*","typeAcquisition":{"enable":true,"include":[],"exclude":[]},"compilerOptions":{"module":1,"target":3,"jsx":1,"allowJs":true,"allowSyntheticDefaultImports":true,"allowNonTsExtensions":true,"noEmitForJsFiles":true,"maxNodeModuleJsDepth":2},"typings":[],"unresolvedImports":[],"kind":"action::set"}
[16:14:16.889] Response has been sent.
[16:14:16.889] No new typings were requested as a result of typings discovery
[16:14:31.474] Got install request {"projectName":"/dev/null/inferredProject2*","fileNames":["/home/carlos.filho/.npm-global/lib/node_modules/typescript/lib/lib.es5.d.ts","/home/carlos.filho/.npm-global/lib/node_modules/typescript/lib/lib.es2015.d.ts","/home/carlos.filho/.npm-global/lib/node_modules/typescript/lib/lib.es2016.d.ts","/home/carlos.filho/.npm-global/lib/node_modules/typescript/lib/lib.dom.d.ts","/home/carlos.filho/.npm-global/lib/node_modules/typescript/lib/lib.dom.iterable.d.ts","/home/carlos.filho/.npm-global/lib/node_modules/typescript/lib/lib.webworker.importscripts.d.ts","/home/carlos.filho/.npm-global/lib/node_modules/typescript/lib/lib.scripthost.d.ts","/home/carlos.filho/.npm-global/lib/node_modules/typescript/lib/lib.es2015.core.d.ts","/home/carlos.filho/.npm-global/lib/node_modules/typescript/lib/lib.es2015.collection.d.ts","/home/carlos.filho/.npm-global/lib/node_modules/typescript/lib/lib.es2015.generator.d.ts","/home/carlos.filho/.npm-global/lib/node_modules/typescript/lib/lib.es2015.iterable.d.ts","/home/carlos.filho/.npm-global/lib/node_modules/typescript/lib/lib.es2015.promise.d.ts","/home/carlos.filho/.npm-global/lib/node_modules/typescript/lib/lib.es2015.proxy.d.ts","/home/carlos.filho/.npm-global/lib/node_modules/typescript/lib/lib.es2015.reflect.d.ts","/home/carlos.filho/.npm-global/lib/node_modules/typescript/lib/lib.es2015.symbol.d.ts","/home/carlos.filho/.npm-global/lib/node_modules/typescript/lib/lib.es2015.symbol.wellknown.d.ts","/home/carlos.filho/.npm-global/lib/node_modules/typescript/lib/lib.es2016.array.include.d.ts","/home/carlos.filho/.npm-global/lib/node_modules/typescript/lib/lib.es2016.full.d.ts","/home/carlos.filho/Documentos/Projects/Recup-FrontEndII/assets/js/drawElements.js"],"compilerOptions":{"module":1,"target":3,"jsx":1,"allowJs":true,"allowSyntheticDefaultImports":true,"allowNonTsExtensions":true,"noEmitForJsFiles":true,"maxNodeModuleJsDepth":2},"typeAcquisition":{"enable":true,"include":[],"exclude":[]},"projectRootPath":"/home/carlos.filho/Documentos/Projects/Recup-FrontEndII/assets/js","kind":"discover"}
[16:14:31.474] Explicitly included types: []
[16:14:31.475] Result: {"cachedTypingPaths":[],"newTypingNames":[],"filesToWatch":["/home/carlos.filho/Documentos/Projects/Recup-FrontEndII/assets/js/bower_components","/home/carlos.filho/Documentos/Projects/Recup-FrontEndII/assets/js/node_modules"]}
[16:14:31.475] Finished typings discovery: {"cachedTypingPaths":[],"newTypingNames":[],"filesToWatch":["/home/carlos.filho/Documentos/Projects/Recup-FrontEndII/assets/js/bower_components","/home/carlos.filho/Documentos/Projects/Recup-FrontEndII/assets/js/node_modules"]}
[16:14:31.475] Sending response:
    {"projectName":"/dev/null/inferredProject2*","typeAcquisition":{"enable":true,"include":[],"exclude":[]},"compilerOptions":{"module":1,"target":3,"jsx":1,"allowJs":true,"allowSyntheticDefaultImports":true,"allowNonTsExtensions":true,"noEmitForJsFiles":true,"maxNodeModuleJsDepth":2},"typings":[],"kind":"action::set"}
[16:14:31.475] Response has been sent.
[16:14:31.475] No new typings were requested as a result of typings discovery
[16:14:50.656] Got install request {"projectName":"/dev/null/inferredProject2*","fileNames":["/home/carlos.filho/.npm-global/lib/node_modules/typescript/lib/lib.es5.d.ts","/home/carlos.filho/.npm-global/lib/node_modules/typescript/lib/lib.es2015.d.ts","/home/carlos.filho/.npm-global/lib/node_modules/typescript/lib/lib.es2016.d.ts","/home/carlos.filho/.npm-global/lib/node_modules/typescript/lib/lib.dom.d.ts","/home/carlos.filho/.npm-global/lib/node_modules/typescript/lib/lib.dom.iterable.d.ts","/home/carlos.filho/.npm-global/lib/node_modules/typescript/lib/lib.webworker.importscripts.d.ts","/home/carlos.filho/.npm-global/lib/node_modules/typescript/lib/lib.scripthost.d.ts","/home/carlos.filho/.npm-global/lib/node_modules/typescript/lib/lib.es2015.core.d.ts","/home/carlos.filho/.npm-global/lib/node_modules/typescript/lib/lib.es2015.collection.d.ts","/home/carlos.filho/.npm-global/lib/node_modules/typescript/lib/lib.es2015.generator.d.ts","/home/carlos.filho/.npm-global/lib/node_modules/typescript/lib/lib.es2015.iterable.d.ts","/home/carlos.filho/.npm-global/lib/node_modules/typescript/lib/lib.es2015.promise.d.ts","/home/carlos.filho/.npm-global/lib/node_modules/typescript/lib/lib.es2015.proxy.d.ts","/home/carlos.filho/.npm-global/lib/node_modules/typescript/lib/lib.es2015.reflect.d.ts","/home/carlos.filho/.npm-global/lib/node_modules/typescript/lib/lib.es2015.symbol.d.ts","/home/carlos.filho/.npm-global/lib/node_modules/typescript/lib/lib.es2015.symbol.wellknown.d.ts","/home/carlos.filho/.npm-global/lib/node_modules/typescript/lib/lib.es2016.array.include.d.ts","/home/carlos.filho/.npm-global/lib/node_modules/typescript/lib/lib.es2016.full.d.ts","/home/carlos.filho/Documentos/Projects/Recup-FrontEndII/assets/js/drawElements.js"],"compilerOptions":{"module":1,"target":3,"jsx":1,"allowJs":true,"allowSyntheticDefaultImports":true,"allowNonTsExtensions":true,"noEmitForJsFiles":true,"maxNodeModuleJsDepth":2},"typeAcquisition":{"enable":true,"include":[],"exclude":[]},"projectRootPath":"/home/carlos.filho/Documentos/Projects/Recup-FrontEndII/assets/js","kind":"discover"}
[16:14:50.656] Explicitly included types: []
[16:14:50.656] Result: {"cachedTypingPaths":[],"newTypingNames":[],"filesToWatch":["/home/carlos.filho/Documentos/Projects/Recup-FrontEndII/assets/js/bower_components","/home/carlos.filho/Documentos/Projects/Recup-FrontEndII/assets/js/node_modules"]}
[16:14:50.656] Finished typings discovery: {"cachedTypingPaths":[],"newTypingNames":[],"filesToWatch":["/home/carlos.filho/Documentos/Projects/Recup-FrontEndII/assets/js/bower_components","/home/carlos.filho/Documentos/Projects/Recup-FrontEndII/assets/js/node_modules"]}
[16:14:50.657] Sending response:
    {"projectName":"/dev/null/inferredProject2*","typeAcquisition":{"enable":true,"include":[],"exclude":[]},"compilerOptions":{"module":1,"target":3,"jsx":1,"allowJs":true,"allowSyntheticDefaultImports":true,"allowNonTsExtensions":true,"noEmitForJsFiles":true,"maxNodeModuleJsDepth":2},"typings":[],"kind":"action::set"}
[16:14:50.657] Response has been sent.
[16:14:50.657] No new typings were requested as a result of typings discovery
[16:22:39.191] Got install request {"projectName":"/dev/null/inferredProject2*","fileNames":["/home/carlos.filho/.npm-global/lib/node_modules/typescript/lib/lib.es5.d.ts","/home/carlos.filho/.npm-global/lib/node_modules/typescript/lib/lib.es2015.d.ts","/home/carlos.filho/.npm-global/lib/node_modules/typescript/lib/lib.es2016.d.ts","/home/carlos.filho/.npm-global/lib/node_modules/typescript/lib/lib.dom.d.ts","/home/carlos.filho/.npm-global/lib/node_modules/typescript/lib/lib.dom.iterable.d.ts","/home/carlos.filho/.npm-global/lib/node_modules/typescript/lib/lib.webworker.importscripts.d.ts","/home/carlos.filho/.npm-global/lib/node_modules/typescript/lib/lib.scripthost.d.ts","/home/carlos.filho/.npm-global/lib/node_modules/typescript/lib/lib.es2015.core.d.ts","/home/carlos.filho/.npm-global/lib/node_modules/typescript/lib/lib.es2015.collection.d.ts","/home/carlos.filho/.npm-global/lib/node_modules/typescript/lib/lib.es2015.generator.d.ts","/home/carlos.filho/.npm-global/lib/node_modules/typescript/lib/lib.es2015.iterable.d.ts","/home/carlos.filho/.npm-global/lib/node_modules/typescript/lib/lib.es2015.promise.d.ts","/home/carlos.filho/.npm-global/lib/node_modules/typescript/lib/lib.es2015.proxy.d.ts","/home/carlos.filho/.npm-global/lib/node_modules/typescript/lib/lib.es2015.reflect.d.ts","/home/carlos.filho/.npm-global/lib/node_modules/typescript/lib/lib.es2015.symbol.d.ts","/home/carlos.filho/.npm-global/lib/node_modules/typescript/lib/lib.es2015.symbol.wellknown.d.ts","/home/carlos.filho/.npm-global/lib/node_modules/typescript/lib/lib.es2016.array.include.d.ts","/home/carlos.filho/.npm-global/lib/node_modules/typescript/lib/lib.es2016.full.d.ts","/home/carlos.filho/Documentos/Projects/Recup-FrontEndII/assets/js/drawElements.js"],"compilerOptions":{"module":1,"target":3,"jsx":1,"allowJs":true,"allowSyntheticDefaultImports":true,"allowNonTsExtensions":true,"noEmitForJsFiles":true,"maxNodeModuleJsDepth":2},"typeAcquisition":{"enable":true,"include":[],"exclude":[]},"projectRootPath":"/home/carlos.filho/Documentos/Projects/Recup-FrontEndII/assets/js","kind":"discover"}
[16:22:39.192] Explicitly included types: []
[16:22:39.192] Result: {"cachedTypingPaths":[],"newTypingNames":[],"filesToWatch":["/home/carlos.filho/Documentos/Projects/Recup-FrontEndII/assets/js/bower_components","/home/carlos.filho/Documentos/Projects/Recup-FrontEndII/assets/js/node_modules"]}
[16:22:39.192] Finished typings discovery: {"cachedTypingPaths":[],"newTypingNames":[],"filesToWatch":["/home/carlos.filho/Documentos/Projects/Recup-FrontEndII/assets/js/bower_components","/home/carlos.filho/Documentos/Projects/Recup-FrontEndII/assets/js/node_modules"]}
[16:22:39.192] Sending response:
    {"projectName":"/dev/null/inferredProject2*","typeAcquisition":{"enable":true,"include":[],"exclude":[]},"compilerOptions":{"module":1,"target":3,"jsx":1,"allowJs":true,"allowSyntheticDefaultImports":true,"allowNonTsExtensions":true,"noEmitForJsFiles":true,"maxNodeModuleJsDepth":2},"typings":[],"kind":"action::set"}
[16:22:39.193] Response has been sent.
[16:22:39.193] No new typings were requested as a result of typings discovery
