[16:27:09.212] Global cache location '/home/carlos.filho/.cache/typescript/4.6', safe file path '/home/carlos.filho/.npm-global/lib/node_modules/typescript/lib/typingSafeList.json', types map path /home/carlos.filho/.npm-global/lib/node_modules/typescript/lib/typesMap.json
[16:27:09.214] Processing cache location '/home/carlos.filho/.cache/typescript/4.6'
[16:27:09.214] Trying to find '/home/carlos.filho/.cache/typescript/4.6/package.json'...
[16:27:09.217] Loaded content of '/home/carlos.filho/.cache/typescript/4.6/package.json': {"private":true,"dependencies":{"types-registry":"^0.1.590"}}
[16:27:09.217] Loaded content of '/home/carlos.filho/.cache/typescript/4.6/package-lock.json'
[16:27:09.218] Finished processing cache location '/home/carlos.filho/.cache/typescript/4.6'
[16:27:09.219] Process id: 142982
[16:27:09.219] NPM location: /usr/bin/npm (explicit '--npmLocation' not  provided)
[16:27:09.219] validateDefaultNpmLocation: false
[16:27:09.220] Npm config file: /home/carlos.filho/.cache/typescript/4.6/package.json
[16:27:09.221] Updating types-registry npm package...
[16:27:09.221] Exec: /usr/bin/npm install --ignore-scripts types-registry@latest
[16:27:11.161]     Succeeded. stdout:
    
    up to date, audited 2 packages in 1s

found 0 vulnerabilities

[16:27:11.161] Updated types-registry npm package
[16:27:11.242] Got install request {"projectName":"/dev/null/inferredProject1*","fileNames":["/home/carlos.filho/.npm-global/lib/node_modules/typescript/lib/lib.es5.d.ts","/home/carlos.filho/.npm-global/lib/node_modules/typescript/lib/lib.es2015.d.ts","/home/carlos.filho/.npm-global/lib/node_modules/typescript/lib/lib.es2016.d.ts","/home/carlos.filho/.npm-global/lib/node_modules/typescript/lib/lib.dom.d.ts","/home/carlos.filho/.npm-global/lib/node_modules/typescript/lib/lib.dom.iterable.d.ts","/home/carlos.filho/.npm-global/lib/node_modules/typescript/lib/lib.webworker.importscripts.d.ts","/home/carlos.filho/.npm-global/lib/node_modules/typescript/lib/lib.scripthost.d.ts","/home/carlos.filho/.npm-global/lib/node_modules/typescript/lib/lib.es2015.core.d.ts","/home/carlos.filho/.npm-global/lib/node_modules/typescript/lib/lib.es2015.collection.d.ts","/home/carlos.filho/.npm-global/lib/node_modules/typescript/lib/lib.es2015.generator.d.ts","/home/carlos.filho/.npm-global/lib/node_modules/typescript/lib/lib.es2015.iterable.d.ts","/home/carlos.filho/.npm-global/lib/node_modules/typescript/lib/lib.es2015.promise.d.ts","/home/carlos.filho/.npm-global/lib/node_modules/typescript/lib/lib.es2015.proxy.d.ts","/home/carlos.filho/.npm-global/lib/node_modules/typescript/lib/lib.es2015.reflect.d.ts","/home/carlos.filho/.npm-global/lib/node_modules/typescript/lib/lib.es2015.symbol.d.ts","/home/carlos.filho/.npm-global/lib/node_modules/typescript/lib/lib.es2015.symbol.wellknown.d.ts","/home/carlos.filho/.npm-global/lib/node_modules/typescript/lib/lib.es2016.array.include.d.ts","/home/carlos.filho/.npm-global/lib/node_modules/typescript/lib/lib.es2016.full.d.ts","/home/carlos.filho/Documentos/Projects/Recup-FrontEndII/assets/js/main.js"],"compilerOptions":{"module":1,"target":3,"jsx":1,"allowJs":true,"allowSyntheticDefaultImports":true,"allowNonTsExtensions":true,"noEmitForJsFiles":true,"maxNodeModuleJsDepth":2},"typeAcquisition":{"enable":true,"include":[],"exclude":[]},"unresolvedImports":[],"projectRootPath":"/home/carlos.filho/Documentos/Projects/Recup-FrontEndII/assets/js","kind":"discover"}
[16:27:11.290] Loaded safelist from types map file '/home/carlos.filho/.npm-global/lib/node_modules/typescript/lib/typesMap.json'
[16:27:11.292] Explicitly included types: []
[16:27:11.294] Inferred typings from unresolved imports: []
[16:27:11.295] Result: {"cachedTypingPaths":[],"newTypingNames":[],"filesToWatch":["/home/carlos.filho/Documentos/Projects/Recup-FrontEndII/assets/js/bower_components","/home/carlos.filho/Documentos/Projects/Recup-FrontEndII/assets/js/node_modules"]}
[16:27:11.295] Finished typings discovery: {"cachedTypingPaths":[],"newTypingNames":[],"filesToWatch":["/home/carlos.filho/Documentos/Projects/Recup-FrontEndII/assets/js/bower_components","/home/carlos.filho/Documentos/Projects/Recup-FrontEndII/assets/js/node_modules"]}
[16:27:11.296] DirectoryWatcher:: Added:: WatchInfo: /home/carlos.filho/Documentos/Projects/Recup-FrontEndII/assets/js/bower_components
[16:27:11.297] DirectoryWatcher:: Added:: WatchInfo: /home/carlos.filho/Documentos/Projects/Recup-FrontEndII/assets/js/bower_components 1 undefined Project: /dev/null/inferredProject1* watcher already invoked: false
[16:27:11.300] Elapsed:: 2.979244999587536ms DirectoryWatcher:: Added:: WatchInfo: /home/carlos.filho/Documentos/Projects/Recup-FrontEndII/assets/js/bower_components 1 undefined Project: /dev/null/inferredProject1* watcher already invoked: false
[16:27:11.300] DirectoryWatcher:: Added:: WatchInfo: /home/carlos.filho/Documentos/Projects/Recup-FrontEndII/assets/js/node_modules
[16:27:11.300] DirectoryWatcher:: Added:: WatchInfo: /home/carlos.filho/Documentos/Projects/Recup-FrontEndII/assets/js/node_modules 1 undefined Project: /dev/null/inferredProject1* watcher already invoked: false
[16:27:11.300] Elapsed:: 0.2365690004080534ms DirectoryWatcher:: Added:: WatchInfo: /home/carlos.filho/Documentos/Projects/Recup-FrontEndII/assets/js/node_modules 1 undefined Project: /dev/null/inferredProject1* watcher already invoked: false
[16:27:11.301] Sending response:
    {"projectName":"/dev/null/inferredProject1*","typeAcquisition":{"enable":true,"include":[],"exclude":[]},"compilerOptions":{"module":1,"target":3,"jsx":1,"allowJs":true,"allowSyntheticDefaultImports":true,"allowNonTsExtensions":true,"noEmitForJsFiles":true,"maxNodeModuleJsDepth":2},"typings":[],"unresolvedImports":[],"kind":"action::set"}
[16:27:11.301] Response has been sent.
[16:27:11.301] No new typings were requested as a result of typings discovery
[16:27:37.721] Got install request {"projectName":"/dev/null/inferredProject2*","fileNames":["/home/carlos.filho/.npm-global/lib/node_modules/typescript/lib/lib.es5.d.ts","/home/carlos.filho/.npm-global/lib/node_modules/typescript/lib/lib.es2015.d.ts","/home/carlos.filho/.npm-global/lib/node_modules/typescript/lib/lib.es2016.d.ts","/home/carlos.filho/.npm-global/lib/node_modules/typescript/lib/lib.dom.d.ts","/home/carlos.filho/.npm-global/lib/node_modules/typescript/lib/lib.dom.iterable.d.ts","/home/carlos.filho/.npm-global/lib/node_modules/typescript/lib/lib.webworker.importscripts.d.ts","/home/carlos.filho/.npm-global/lib/node_modules/typescript/lib/lib.scripthost.d.ts","/home/carlos.filho/.npm-global/lib/node_modules/typescript/lib/lib.es2015.core.d.ts","/home/carlos.filho/.npm-global/lib/node_modules/typescript/lib/lib.es2015.collection.d.ts","/home/carlos.filho/.npm-global/lib/node_modules/typescript/lib/lib.es2015.generator.d.ts","/home/carlos.filho/.npm-global/lib/node_modules/typescript/lib/lib.es2015.iterable.d.ts","/home/carlos.filho/.npm-global/lib/node_modules/typescript/lib/lib.es2015.promise.d.ts","/home/carlos.filho/.npm-global/lib/node_modules/typescript/lib/lib.es2015.proxy.d.ts","/home/carlos.filho/.npm-global/lib/node_modules/typescript/lib/lib.es2015.reflect.d.ts","/home/carlos.filho/.npm-global/lib/node_modules/typescript/lib/lib.es2015.symbol.d.ts","/home/carlos.filho/.npm-global/lib/node_modules/typescript/lib/lib.es2015.symbol.wellknown.d.ts","/home/carlos.filho/.npm-global/lib/node_modules/typescript/lib/lib.es2016.array.include.d.ts","/home/carlos.filho/.npm-global/lib/node_modules/typescript/lib/lib.es2016.full.d.ts","/home/carlos.filho/Documentos/Projects/Recup-FrontEndII/assets/js/drawElements.js"],"compilerOptions":{"module":1,"target":3,"jsx":1,"allowJs":true,"allowSyntheticDefaultImports":true,"allowNonTsExtensions":true,"noEmitForJsFiles":true,"maxNodeModuleJsDepth":2},"typeAcquisition":{"enable":true,"include":[],"exclude":[]},"unresolvedImports":[],"projectRootPath":"/home/carlos.filho/Documentos/Projects/Recup-FrontEndII/assets/js","kind":"discover"}
[16:27:37.722] Explicitly included types: []
[16:27:37.722] Inferred typings from unresolved imports: []
[16:27:37.723] Result: {"cachedTypingPaths":[],"newTypingNames":[],"filesToWatch":["/home/carlos.filho/Documentos/Projects/Recup-FrontEndII/assets/js/bower_components","/home/carlos.filho/Documentos/Projects/Recup-FrontEndII/assets/js/node_modules"]}
[16:27:37.723] Finished typings discovery: {"cachedTypingPaths":[],"newTypingNames":[],"filesToWatch":["/home/carlos.filho/Documentos/Projects/Recup-FrontEndII/assets/js/bower_components","/home/carlos.filho/Documentos/Projects/Recup-FrontEndII/assets/js/node_modules"]}
[16:27:37.723] DirectoryWatcher:: Added:: WatchInfo: /home/carlos.filho/Documentos/Projects/Recup-FrontEndII/assets/js/bower_components
[16:27:37.724] DirectoryWatcher:: Added:: WatchInfo: /home/carlos.filho/Documentos/Projects/Recup-FrontEndII/assets/js/bower_components 1 undefined Project: /dev/null/inferredProject2* watcher already invoked: false
[16:27:37.724] Elapsed:: 0.08459699898958206ms DirectoryWatcher:: Added:: WatchInfo: /home/carlos.filho/Documentos/Projects/Recup-FrontEndII/assets/js/bower_components 1 undefined Project: /dev/null/inferredProject2* watcher already invoked: false
[16:27:37.724] DirectoryWatcher:: Added:: WatchInfo: /home/carlos.filho/Documentos/Projects/Recup-FrontEndII/assets/js/node_modules
[16:27:37.725] DirectoryWatcher:: Added:: WatchInfo: /home/carlos.filho/Documentos/Projects/Recup-FrontEndII/assets/js/node_modules 1 undefined Project: /dev/null/inferredProject2* watcher already invoked: false
[16:27:37.725] Elapsed:: 0.04716299846768379ms DirectoryWatcher:: Added:: WatchInfo: /home/carlos.filho/Documentos/Projects/Recup-FrontEndII/assets/js/node_modules 1 undefined Project: /dev/null/inferredProject2* watcher already invoked: false
[16:27:37.725] Sending response:
    {"projectName":"/dev/null/inferredProject2*","typeAcquisition":{"enable":true,"include":[],"exclude":[]},"compilerOptions":{"module":1,"target":3,"jsx":1,"allowJs":true,"allowSyntheticDefaultImports":true,"allowNonTsExtensions":true,"noEmitForJsFiles":true,"maxNodeModuleJsDepth":2},"typings":[],"unresolvedImports":[],"kind":"action::set"}
[16:27:37.726] Response has been sent.
[16:27:37.726] No new typings were requested as a result of typings discovery
[16:28:30.684] Got install request {"projectName":"/dev/null/inferredProject2*","fileNames":["/home/carlos.filho/.npm-global/lib/node_modules/typescript/lib/lib.es5.d.ts","/home/carlos.filho/.npm-global/lib/node_modules/typescript/lib/lib.es2015.d.ts","/home/carlos.filho/.npm-global/lib/node_modules/typescript/lib/lib.es2016.d.ts","/home/carlos.filho/.npm-global/lib/node_modules/typescript/lib/lib.dom.d.ts","/home/carlos.filho/.npm-global/lib/node_modules/typescript/lib/lib.dom.iterable.d.ts","/home/carlos.filho/.npm-global/lib/node_modules/typescript/lib/lib.webworker.importscripts.d.ts","/home/carlos.filho/.npm-global/lib/node_modules/typescript/lib/lib.scripthost.d.ts","/home/carlos.filho/.npm-global/lib/node_modules/typescript/lib/lib.es2015.core.d.ts","/home/carlos.filho/.npm-global/lib/node_modules/typescript/lib/lib.es2015.collection.d.ts","/home/carlos.filho/.npm-global/lib/node_modules/typescript/lib/lib.es2015.generator.d.ts","/home/carlos.filho/.npm-global/lib/node_modules/typescript/lib/lib.es2015.iterable.d.ts","/home/carlos.filho/.npm-global/lib/node_modules/typescript/lib/lib.es2015.promise.d.ts","/home/carlos.filho/.npm-global/lib/node_modules/typescript/lib/lib.es2015.proxy.d.ts","/home/carlos.filho/.npm-global/lib/node_modules/typescript/lib/lib.es2015.reflect.d.ts","/home/carlos.filho/.npm-global/lib/node_modules/typescript/lib/lib.es2015.symbol.d.ts","/home/carlos.filho/.npm-global/lib/node_modules/typescript/lib/lib.es2015.symbol.wellknown.d.ts","/home/carlos.filho/.npm-global/lib/node_modules/typescript/lib/lib.es2016.array.include.d.ts","/home/carlos.filho/.npm-global/lib/node_modules/typescript/lib/lib.es2016.full.d.ts","/home/carlos.filho/Documentos/Projects/Recup-FrontEndII/assets/js/drawElements.js"],"compilerOptions":{"module":1,"target":3,"jsx":1,"allowJs":true,"allowSyntheticDefaultImports":true,"allowNonTsExtensions":true,"noEmitForJsFiles":true,"maxNodeModuleJsDepth":2},"typeAcquisition":{"enable":true,"include":[],"exclude":[]},"projectRootPath":"/home/carlos.filho/Documentos/Projects/Recup-FrontEndII/assets/js","kind":"discover"}
[16:28:30.684] Explicitly included types: []
[16:28:30.685] Result: {"cachedTypingPaths":[],"newTypingNames":[],"filesToWatch":["/home/carlos.filho/Documentos/Projects/Recup-FrontEndII/assets/js/bower_components","/home/carlos.filho/Documentos/Projects/Recup-FrontEndII/assets/js/node_modules"]}
[16:28:30.685] Finished typings discovery: {"cachedTypingPaths":[],"newTypingNames":[],"filesToWatch":["/home/carlos.filho/Documentos/Projects/Recup-FrontEndII/assets/js/bower_components","/home/carlos.filho/Documentos/Projects/Recup-FrontEndII/assets/js/node_modules"]}
[16:28:30.686] Sending response:
    {"projectName":"/dev/null/inferredProject2*","typeAcquisition":{"enable":true,"include":[],"exclude":[]},"compilerOptions":{"module":1,"target":3,"jsx":1,"allowJs":true,"allowSyntheticDefaultImports":true,"allowNonTsExtensions":true,"noEmitForJsFiles":true,"maxNodeModuleJsDepth":2},"typings":[],"kind":"action::set"}
[16:28:30.686] Response has been sent.
[16:28:30.686] No new typings were requested as a result of typings discovery
[16:30:39.306] Got install request {"projectName":"/dev/null/inferredProject2*","fileNames":["/home/carlos.filho/.npm-global/lib/node_modules/typescript/lib/lib.es5.d.ts","/home/carlos.filho/.npm-global/lib/node_modules/typescript/lib/lib.es2015.d.ts","/home/carlos.filho/.npm-global/lib/node_modules/typescript/lib/lib.es2016.d.ts","/home/carlos.filho/.npm-global/lib/node_modules/typescript/lib/lib.dom.d.ts","/home/carlos.filho/.npm-global/lib/node_modules/typescript/lib/lib.dom.iterable.d.ts","/home/carlos.filho/.npm-global/lib/node_modules/typescript/lib/lib.webworker.importscripts.d.ts","/home/carlos.filho/.npm-global/lib/node_modules/typescript/lib/lib.scripthost.d.ts","/home/carlos.filho/.npm-global/lib/node_modules/typescript/lib/lib.es2015.core.d.ts","/home/carlos.filho/.npm-global/lib/node_modules/typescript/lib/lib.es2015.collection.d.ts","/home/carlos.filho/.npm-global/lib/node_modules/typescript/lib/lib.es2015.generator.d.ts","/home/carlos.filho/.npm-global/lib/node_modules/typescript/lib/lib.es2015.iterable.d.ts","/home/carlos.filho/.npm-global/lib/node_modules/typescript/lib/lib.es2015.promise.d.ts","/home/carlos.filho/.npm-global/lib/node_modules/typescript/lib/lib.es2015.proxy.d.ts","/home/carlos.filho/.npm-global/lib/node_modules/typescript/lib/lib.es2015.reflect.d.ts","/home/carlos.filho/.npm-global/lib/node_modules/typescript/lib/lib.es2015.symbol.d.ts","/home/carlos.filho/.npm-global/lib/node_modules/typescript/lib/lib.es2015.symbol.wellknown.d.ts","/home/carlos.filho/.npm-global/lib/node_modules/typescript/lib/lib.es2016.array.include.d.ts","/home/carlos.filho/.npm-global/lib/node_modules/typescript/lib/lib.es2016.full.d.ts","/home/carlos.filho/Documentos/Projects/Recup-FrontEndII/assets/js/drawElements.js"],"compilerOptions":{"module":1,"target":3,"jsx":1,"allowJs":true,"allowSyntheticDefaultImports":true,"allowNonTsExtensions":true,"noEmitForJsFiles":true,"maxNodeModuleJsDepth":2},"typeAcquisition":{"enable":true,"include":[],"exclude":[]},"projectRootPath":"/home/carlos.filho/Documentos/Projects/Recup-FrontEndII/assets/js","kind":"discover"}
[16:30:39.306] Explicitly included types: []
[16:30:39.307] Result: {"cachedTypingPaths":[],"newTypingNames":[],"filesToWatch":["/home/carlos.filho/Documentos/Projects/Recup-FrontEndII/assets/js/bower_components","/home/carlos.filho/Documentos/Projects/Recup-FrontEndII/assets/js/node_modules"]}
[16:30:39.307] Finished typings discovery: {"cachedTypingPaths":[],"newTypingNames":[],"filesToWatch":["/home/carlos.filho/Documentos/Projects/Recup-FrontEndII/assets/js/bower_components","/home/carlos.filho/Documentos/Projects/Recup-FrontEndII/assets/js/node_modules"]}
[16:30:39.308] Sending response:
    {"projectName":"/dev/null/inferredProject2*","typeAcquisition":{"enable":true,"include":[],"exclude":[]},"compilerOptions":{"module":1,"target":3,"jsx":1,"allowJs":true,"allowSyntheticDefaultImports":true,"allowNonTsExtensions":true,"noEmitForJsFiles":true,"maxNodeModuleJsDepth":2},"typings":[],"kind":"action::set"}
[16:30:39.308] Response has been sent.
[16:30:39.308] No new typings were requested as a result of typings discovery
