[21:03:56.526] Global cache location '/home/carlos.filho/.cache/typescript/4.6', safe file path '/home/carlos.filho/.npm-global/lib/node_modules/typescript/lib/typingSafeList.json', types map path /home/carlos.filho/.npm-global/lib/node_modules/typescript/lib/typesMap.json
[21:03:56.528] Processing cache location '/home/carlos.filho/.cache/typescript/4.6'
[21:03:56.528] Trying to find '/home/carlos.filho/.cache/typescript/4.6/package.json'...
[21:03:56.530] Loaded content of '/home/carlos.filho/.cache/typescript/4.6/package.json': {"private":true,"dependencies":{"types-registry":"^0.1.590"}}
[21:03:56.530] Loaded content of '/home/carlos.filho/.cache/typescript/4.6/package-lock.json'
[21:03:56.530] Finished processing cache location '/home/carlos.filho/.cache/typescript/4.6'
[21:03:56.532] Process id: 155794
[21:03:56.532] NPM location: /usr/bin/npm (explicit '--npmLocation' not  provided)
[21:03:56.533] validateDefaultNpmLocation: false
[21:03:56.535] Npm config file: /home/carlos.filho/.cache/typescript/4.6/package.json
[21:03:56.536] Updating types-registry npm package...
[21:03:56.537] Exec: /usr/bin/npm install --ignore-scripts types-registry@latest
[21:04:04.696]     Succeeded. stdout:
    
    up to date, audited 2 packages in 6s

found 0 vulnerabilities

[21:04:04.697] Updated types-registry npm package
[21:04:11.936] Got install request {"projectName":"/dev/null/inferredProject1*","fileNames":["/home/carlos.filho/.npm-global/lib/node_modules/typescript/lib/lib.es5.d.ts","/home/carlos.filho/.npm-global/lib/node_modules/typescript/lib/lib.es2015.d.ts","/home/carlos.filho/.npm-global/lib/node_modules/typescript/lib/lib.es2016.d.ts","/home/carlos.filho/.npm-global/lib/node_modules/typescript/lib/lib.dom.d.ts","/home/carlos.filho/.npm-global/lib/node_modules/typescript/lib/lib.dom.iterable.d.ts","/home/carlos.filho/.npm-global/lib/node_modules/typescript/lib/lib.webworker.importscripts.d.ts","/home/carlos.filho/.npm-global/lib/node_modules/typescript/lib/lib.scripthost.d.ts","/home/carlos.filho/.npm-global/lib/node_modules/typescript/lib/lib.es2015.core.d.ts","/home/carlos.filho/.npm-global/lib/node_modules/typescript/lib/lib.es2015.collection.d.ts","/home/carlos.filho/.npm-global/lib/node_modules/typescript/lib/lib.es2015.generator.d.ts","/home/carlos.filho/.npm-global/lib/node_modules/typescript/lib/lib.es2015.iterable.d.ts","/home/carlos.filho/.npm-global/lib/node_modules/typescript/lib/lib.es2015.promise.d.ts","/home/carlos.filho/.npm-global/lib/node_modules/typescript/lib/lib.es2015.proxy.d.ts","/home/carlos.filho/.npm-global/lib/node_modules/typescript/lib/lib.es2015.reflect.d.ts","/home/carlos.filho/.npm-global/lib/node_modules/typescript/lib/lib.es2015.symbol.d.ts","/home/carlos.filho/.npm-global/lib/node_modules/typescript/lib/lib.es2015.symbol.wellknown.d.ts","/home/carlos.filho/.npm-global/lib/node_modules/typescript/lib/lib.es2016.array.include.d.ts","/home/carlos.filho/.npm-global/lib/node_modules/typescript/lib/lib.es2016.full.d.ts","/home/carlos.filho/Documentos/Projects/Recup-FrontEndII/assets/js/main.js"],"compilerOptions":{"module":1,"target":3,"jsx":1,"allowJs":true,"allowSyntheticDefaultImports":true,"allowNonTsExtensions":true,"noEmitForJsFiles":true,"maxNodeModuleJsDepth":2},"typeAcquisition":{"enable":true,"include":[],"exclude":[]},"unresolvedImports":[],"projectRootPath":"/home/carlos.filho/Documentos/Projects/Recup-FrontEndII/assets/js","kind":"discover"}
[21:04:12.107] Loaded safelist from types map file '/home/carlos.filho/.npm-global/lib/node_modules/typescript/lib/typesMap.json'
[21:04:12.109] Explicitly included types: []
[21:04:12.112] Inferred typings from unresolved imports: []
[21:04:12.112] Result: {"cachedTypingPaths":[],"newTypingNames":[],"filesToWatch":["/home/carlos.filho/Documentos/Projects/Recup-FrontEndII/assets/js/bower_components","/home/carlos.filho/Documentos/Projects/Recup-FrontEndII/assets/js/node_modules"]}
[21:04:12.112] Finished typings discovery: {"cachedTypingPaths":[],"newTypingNames":[],"filesToWatch":["/home/carlos.filho/Documentos/Projects/Recup-FrontEndII/assets/js/bower_components","/home/carlos.filho/Documentos/Projects/Recup-FrontEndII/assets/js/node_modules"]}
[21:04:12.114] DirectoryWatcher:: Added:: WatchInfo: /home/carlos.filho/Documentos/Projects/Recup-FrontEndII/assets/js/bower_components
[21:04:12.116] DirectoryWatcher:: Added:: WatchInfo: /home/carlos.filho/Documentos/Projects/Recup-FrontEndII/assets/js/bower_components 1 undefined Project: /dev/null/inferredProject1* watcher already invoked: false
[21:04:12.124] Elapsed:: 7.025449000298977ms DirectoryWatcher:: Added:: WatchInfo: /home/carlos.filho/Documentos/Projects/Recup-FrontEndII/assets/js/bower_components 1 undefined Project: /dev/null/inferredProject1* watcher already invoked: false
[21:04:12.124] DirectoryWatcher:: Added:: WatchInfo: /home/carlos.filho/Documentos/Projects/Recup-FrontEndII/assets/js/node_modules
[21:04:12.124] DirectoryWatcher:: Added:: WatchInfo: /home/carlos.filho/Documentos/Projects/Recup-FrontEndII/assets/js/node_modules 1 undefined Project: /dev/null/inferredProject1* watcher already invoked: false
[21:04:12.125] Elapsed:: 0.45387599989771843ms DirectoryWatcher:: Added:: WatchInfo: /home/carlos.filho/Documentos/Projects/Recup-FrontEndII/assets/js/node_modules 1 undefined Project: /dev/null/inferredProject1* watcher already invoked: false
[21:04:12.126] Sending response:
    {"projectName":"/dev/null/inferredProject1*","typeAcquisition":{"enable":true,"include":[],"exclude":[]},"compilerOptions":{"module":1,"target":3,"jsx":1,"allowJs":true,"allowSyntheticDefaultImports":true,"allowNonTsExtensions":true,"noEmitForJsFiles":true,"maxNodeModuleJsDepth":2},"typings":[],"unresolvedImports":[],"kind":"action::set"}
[21:04:12.129] Response has been sent.
[21:04:12.129] No new typings were requested as a result of typings discovery
[21:13:55.013] Got install request {"projectName":"/dev/null/inferredProject1*","fileNames":["/home/carlos.filho/.npm-global/lib/node_modules/typescript/lib/lib.es5.d.ts","/home/carlos.filho/.npm-global/lib/node_modules/typescript/lib/lib.es2015.d.ts","/home/carlos.filho/.npm-global/lib/node_modules/typescript/lib/lib.es2016.d.ts","/home/carlos.filho/.npm-global/lib/node_modules/typescript/lib/lib.dom.d.ts","/home/carlos.filho/.npm-global/lib/node_modules/typescript/lib/lib.dom.iterable.d.ts","/home/carlos.filho/.npm-global/lib/node_modules/typescript/lib/lib.webworker.importscripts.d.ts","/home/carlos.filho/.npm-global/lib/node_modules/typescript/lib/lib.scripthost.d.ts","/home/carlos.filho/.npm-global/lib/node_modules/typescript/lib/lib.es2015.core.d.ts","/home/carlos.filho/.npm-global/lib/node_modules/typescript/lib/lib.es2015.collection.d.ts","/home/carlos.filho/.npm-global/lib/node_modules/typescript/lib/lib.es2015.generator.d.ts","/home/carlos.filho/.npm-global/lib/node_modules/typescript/lib/lib.es2015.iterable.d.ts","/home/carlos.filho/.npm-global/lib/node_modules/typescript/lib/lib.es2015.promise.d.ts","/home/carlos.filho/.npm-global/lib/node_modules/typescript/lib/lib.es2015.proxy.d.ts","/home/carlos.filho/.npm-global/lib/node_modules/typescript/lib/lib.es2015.reflect.d.ts","/home/carlos.filho/.npm-global/lib/node_modules/typescript/lib/lib.es2015.symbol.d.ts","/home/carlos.filho/.npm-global/lib/node_modules/typescript/lib/lib.es2015.symbol.wellknown.d.ts","/home/carlos.filho/.npm-global/lib/node_modules/typescript/lib/lib.es2016.array.include.d.ts","/home/carlos.filho/.npm-global/lib/node_modules/typescript/lib/lib.es2016.full.d.ts","/home/carlos.filho/Documentos/Projects/Recup-FrontEndII/assets/js/main.js"],"compilerOptions":{"module":1,"target":3,"jsx":1,"allowJs":true,"allowSyntheticDefaultImports":true,"allowNonTsExtensions":true,"noEmitForJsFiles":true,"maxNodeModuleJsDepth":2},"typeAcquisition":{"enable":true,"include":[],"exclude":[]},"unresolvedImports":[".ssets"],"projectRootPath":"/home/carlos.filho/Documentos/Projects/Recup-FrontEndII/assets/js","kind":"discover"}
[21:13:55.030] Explicitly included types: []
[21:13:55.035] Inferred typings from unresolved imports: [".ssets"]
[21:13:55.037] Result: {"cachedTypingPaths":[],"newTypingNames":[".ssets"],"filesToWatch":["/home/carlos.filho/Documentos/Projects/Recup-FrontEndII/assets/js/bower_components","/home/carlos.filho/Documentos/Projects/Recup-FrontEndII/assets/js/node_modules"]}
[21:13:55.038] Finished typings discovery: {"cachedTypingPaths":[],"newTypingNames":[".ssets"],"filesToWatch":["/home/carlos.filho/Documentos/Projects/Recup-FrontEndII/assets/js/bower_components","/home/carlos.filho/Documentos/Projects/Recup-FrontEndII/assets/js/node_modules"]}
[21:13:55.039] Installing typings [".ssets"]
[21:13:55.041] '.ssets':: Package name '.ssets' cannot start with '.'
[21:13:55.042] All typings are known to be missing or invalid - no need to install more typings
[21:13:55.042] Sending response:
    {"projectName":"/dev/null/inferredProject1*","typeAcquisition":{"enable":true,"include":[],"exclude":[]},"compilerOptions":{"module":1,"target":3,"jsx":1,"allowJs":true,"allowSyntheticDefaultImports":true,"allowNonTsExtensions":true,"noEmitForJsFiles":true,"maxNodeModuleJsDepth":2},"typings":[],"unresolvedImports":[".ssets"],"kind":"action::set"}
[21:13:55.045] Response has been sent.
[21:13:55.903] Got install request {"projectName":"/dev/null/inferredProject1*","fileNames":["/home/carlos.filho/.npm-global/lib/node_modules/typescript/lib/lib.es5.d.ts","/home/carlos.filho/.npm-global/lib/node_modules/typescript/lib/lib.es2015.d.ts","/home/carlos.filho/.npm-global/lib/node_modules/typescript/lib/lib.es2016.d.ts","/home/carlos.filho/.npm-global/lib/node_modules/typescript/lib/lib.dom.d.ts","/home/carlos.filho/.npm-global/lib/node_modules/typescript/lib/lib.dom.iterable.d.ts","/home/carlos.filho/.npm-global/lib/node_modules/typescript/lib/lib.webworker.importscripts.d.ts","/home/carlos.filho/.npm-global/lib/node_modules/typescript/lib/lib.scripthost.d.ts","/home/carlos.filho/.npm-global/lib/node_modules/typescript/lib/lib.es2015.core.d.ts","/home/carlos.filho/.npm-global/lib/node_modules/typescript/lib/lib.es2015.collection.d.ts","/home/carlos.filho/.npm-global/lib/node_modules/typescript/lib/lib.es2015.generator.d.ts","/home/carlos.filho/.npm-global/lib/node_modules/typescript/lib/lib.es2015.iterable.d.ts","/home/carlos.filho/.npm-global/lib/node_modules/typescript/lib/lib.es2015.promise.d.ts","/home/carlos.filho/.npm-global/lib/node_modules/typescript/lib/lib.es2015.proxy.d.ts","/home/carlos.filho/.npm-global/lib/node_modules/typescript/lib/lib.es2015.reflect.d.ts","/home/carlos.filho/.npm-global/lib/node_modules/typescript/lib/lib.es2015.symbol.d.ts","/home/carlos.filho/.npm-global/lib/node_modules/typescript/lib/lib.es2015.symbol.wellknown.d.ts","/home/carlos.filho/.npm-global/lib/node_modules/typescript/lib/lib.es2016.array.include.d.ts","/home/carlos.filho/.npm-global/lib/node_modules/typescript/lib/lib.es2016.full.d.ts","/home/carlos.filho/Documentos/Projects/Recup-FrontEndII/assets/js/main.js"],"compilerOptions":{"module":1,"target":3,"jsx":1,"allowJs":true,"allowSyntheticDefaultImports":true,"allowNonTsExtensions":true,"noEmitForJsFiles":true,"maxNodeModuleJsDepth":2},"typeAcquisition":{"enable":true,"include":[],"exclude":[]},"unresolvedImports":[],"projectRootPath":"/home/carlos.filho/Documentos/Projects/Recup-FrontEndII/assets/js","kind":"discover"}
[21:13:55.903] Explicitly included types: []
[21:13:55.904] Inferred typings from unresolved imports: []
[21:13:55.904] Result: {"cachedTypingPaths":[],"newTypingNames":[],"filesToWatch":["/home/carlos.filho/Documentos/Projects/Recup-FrontEndII/assets/js/bower_components","/home/carlos.filho/Documentos/Projects/Recup-FrontEndII/assets/js/node_modules"]}
[21:13:55.904] Finished typings discovery: {"cachedTypingPaths":[],"newTypingNames":[],"filesToWatch":["/home/carlos.filho/Documentos/Projects/Recup-FrontEndII/assets/js/bower_components","/home/carlos.filho/Documentos/Projects/Recup-FrontEndII/assets/js/node_modules"]}
[21:13:55.905] Sending response:
    {"projectName":"/dev/null/inferredProject1*","typeAcquisition":{"enable":true,"include":[],"exclude":[]},"compilerOptions":{"module":1,"target":3,"jsx":1,"allowJs":true,"allowSyntheticDefaultImports":true,"allowNonTsExtensions":true,"noEmitForJsFiles":true,"maxNodeModuleJsDepth":2},"typings":[],"unresolvedImports":[],"kind":"action::set"}
[21:13:55.905] Response has been sent.
[21:13:55.905] No new typings were requested as a result of typings discovery
[21:13:55.970] Got install request {"projectName":"/dev/null/inferredProject1*","fileNames":["/home/carlos.filho/.npm-global/lib/node_modules/typescript/lib/lib.es5.d.ts","/home/carlos.filho/.npm-global/lib/node_modules/typescript/lib/lib.es2015.d.ts","/home/carlos.filho/.npm-global/lib/node_modules/typescript/lib/lib.es2016.d.ts","/home/carlos.filho/.npm-global/lib/node_modules/typescript/lib/lib.dom.d.ts","/home/carlos.filho/.npm-global/lib/node_modules/typescript/lib/lib.dom.iterable.d.ts","/home/carlos.filho/.npm-global/lib/node_modules/typescript/lib/lib.webworker.importscripts.d.ts","/home/carlos.filho/.npm-global/lib/node_modules/typescript/lib/lib.scripthost.d.ts","/home/carlos.filho/.npm-global/lib/node_modules/typescript/lib/lib.es2015.core.d.ts","/home/carlos.filho/.npm-global/lib/node_modules/typescript/lib/lib.es2015.collection.d.ts","/home/carlos.filho/.npm-global/lib/node_modules/typescript/lib/lib.es2015.generator.d.ts","/home/carlos.filho/.npm-global/lib/node_modules/typescript/lib/lib.es2015.iterable.d.ts","/home/carlos.filho/.npm-global/lib/node_modules/typescript/lib/lib.es2015.promise.d.ts","/home/carlos.filho/.npm-global/lib/node_modules/typescript/lib/lib.es2015.proxy.d.ts","/home/carlos.filho/.npm-global/lib/node_modules/typescript/lib/lib.es2015.reflect.d.ts","/home/carlos.filho/.npm-global/lib/node_modules/typescript/lib/lib.es2015.symbol.d.ts","/home/carlos.filho/.npm-global/lib/node_modules/typescript/lib/lib.es2015.symbol.wellknown.d.ts","/home/carlos.filho/.npm-global/lib/node_modules/typescript/lib/lib.es2016.array.include.d.ts","/home/carlos.filho/.npm-global/lib/node_modules/typescript/lib/lib.es2016.full.d.ts","/home/carlos.filho/Documentos/Projects/Recup-FrontEndII/assets/js/main.js"],"compilerOptions":{"module":1,"target":3,"jsx":1,"allowJs":true,"allowSyntheticDefaultImports":true,"allowNonTsExtensions":true,"noEmitForJsFiles":true,"maxNodeModuleJsDepth":2},"typeAcquisition":{"enable":true,"include":[],"exclude":[]},"unresolvedImports":[".js"],"projectRootPath":"/home/carlos.filho/Documentos/Projects/Recup-FrontEndII/assets/js","kind":"discover"}
[21:13:55.971] Explicitly included types: []
[21:13:55.974] Inferred typings from unresolved imports: [".js"]
[21:13:55.974] Result: {"cachedTypingPaths":[],"newTypingNames":[".js"],"filesToWatch":["/home/carlos.filho/Documentos/Projects/Recup-FrontEndII/assets/js/bower_components","/home/carlos.filho/Documentos/Projects/Recup-FrontEndII/assets/js/node_modules"]}
[21:13:55.974] Finished typings discovery: {"cachedTypingPaths":[],"newTypingNames":[".js"],"filesToWatch":["/home/carlos.filho/Documentos/Projects/Recup-FrontEndII/assets/js/bower_components","/home/carlos.filho/Documentos/Projects/Recup-FrontEndII/assets/js/node_modules"]}
[21:13:55.975] Installing typings [".js"]
[21:13:55.975] '.js':: Package name '.js' cannot start with '.'
[21:13:55.975] All typings are known to be missing or invalid - no need to install more typings
[21:13:55.975] Sending response:
    {"projectName":"/dev/null/inferredProject1*","typeAcquisition":{"enable":true,"include":[],"exclude":[]},"compilerOptions":{"module":1,"target":3,"jsx":1,"allowJs":true,"allowSyntheticDefaultImports":true,"allowNonTsExtensions":true,"noEmitForJsFiles":true,"maxNodeModuleJsDepth":2},"typings":[],"unresolvedImports":[".js"],"kind":"action::set"}
[21:13:55.979] Response has been sent.
[21:13:56.615] Got install request {"projectName":"/dev/null/inferredProject1*","fileNames":["/home/carlos.filho/.npm-global/lib/node_modules/typescript/lib/lib.es5.d.ts","/home/carlos.filho/.npm-global/lib/node_modules/typescript/lib/lib.es2015.d.ts","/home/carlos.filho/.npm-global/lib/node_modules/typescript/lib/lib.es2016.d.ts","/home/carlos.filho/.npm-global/lib/node_modules/typescript/lib/lib.dom.d.ts","/home/carlos.filho/.npm-global/lib/node_modules/typescript/lib/lib.dom.iterable.d.ts","/home/carlos.filho/.npm-global/lib/node_modules/typescript/lib/lib.webworker.importscripts.d.ts","/home/carlos.filho/.npm-global/lib/node_modules/typescript/lib/lib.scripthost.d.ts","/home/carlos.filho/.npm-global/lib/node_modules/typescript/lib/lib.es2015.core.d.ts","/home/carlos.filho/.npm-global/lib/node_modules/typescript/lib/lib.es2015.collection.d.ts","/home/carlos.filho/.npm-global/lib/node_modules/typescript/lib/lib.es2015.generator.d.ts","/home/carlos.filho/.npm-global/lib/node_modules/typescript/lib/lib.es2015.iterable.d.ts","/home/carlos.filho/.npm-global/lib/node_modules/typescript/lib/lib.es2015.promise.d.ts","/home/carlos.filho/.npm-global/lib/node_modules/typescript/lib/lib.es2015.proxy.d.ts","/home/carlos.filho/.npm-global/lib/node_modules/typescript/lib/lib.es2015.reflect.d.ts","/home/carlos.filho/.npm-global/lib/node_modules/typescript/lib/lib.es2015.symbol.d.ts","/home/carlos.filho/.npm-global/lib/node_modules/typescript/lib/lib.es2015.symbol.wellknown.d.ts","/home/carlos.filho/.npm-global/lib/node_modules/typescript/lib/lib.es2016.array.include.d.ts","/home/carlos.filho/.npm-global/lib/node_modules/typescript/lib/lib.es2016.full.d.ts","/home/carlos.filho/Documentos/Projects/Recup-FrontEndII/assets/js/main.js"],"compilerOptions":{"module":1,"target":3,"jsx":1,"allowJs":true,"allowSyntheticDefaultImports":true,"allowNonTsExtensions":true,"noEmitForJsFiles":true,"maxNodeModuleJsDepth":2},"typeAcquisition":{"enable":true,"include":[],"exclude":[]},"unresolvedImports":[".s"],"projectRootPath":"/home/carlos.filho/Documentos/Projects/Recup-FrontEndII/assets/js","kind":"discover"}
[21:13:56.616] Explicitly included types: []
[21:13:56.617] Inferred typings from unresolved imports: [".s"]
[21:13:56.618] Result: {"cachedTypingPaths":[],"newTypingNames":[".s"],"filesToWatch":["/home/carlos.filho/Documentos/Projects/Recup-FrontEndII/assets/js/bower_components","/home/carlos.filho/Documentos/Projects/Recup-FrontEndII/assets/js/node_modules"]}
[21:13:56.618] Finished typings discovery: {"cachedTypingPaths":[],"newTypingNames":[".s"],"filesToWatch":["/home/carlos.filho/Documentos/Projects/Recup-FrontEndII/assets/js/bower_components","/home/carlos.filho/Documentos/Projects/Recup-FrontEndII/assets/js/node_modules"]}
[21:13:56.619] Installing typings [".s"]
[21:13:56.622] '.s':: Package name '.s' cannot start with '.'
[21:13:56.622] All typings are known to be missing or invalid - no need to install more typings
[21:13:56.622] Sending response:
    {"projectName":"/dev/null/inferredProject1*","typeAcquisition":{"enable":true,"include":[],"exclude":[]},"compilerOptions":{"module":1,"target":3,"jsx":1,"allowJs":true,"allowSyntheticDefaultImports":true,"allowNonTsExtensions":true,"noEmitForJsFiles":true,"maxNodeModuleJsDepth":2},"typings":[],"unresolvedImports":[".s"],"kind":"action::set"}
[21:13:56.622] Response has been sent.
[21:13:56.628] Got install request {"projectName":"/dev/null/inferredProject1*","fileNames":["/home/carlos.filho/.npm-global/lib/node_modules/typescript/lib/lib.es5.d.ts","/home/carlos.filho/.npm-global/lib/node_modules/typescript/lib/lib.es2015.d.ts","/home/carlos.filho/.npm-global/lib/node_modules/typescript/lib/lib.es2016.d.ts","/home/carlos.filho/.npm-global/lib/node_modules/typescript/lib/lib.dom.d.ts","/home/carlos.filho/.npm-global/lib/node_modules/typescript/lib/lib.dom.iterable.d.ts","/home/carlos.filho/.npm-global/lib/node_modules/typescript/lib/lib.webworker.importscripts.d.ts","/home/carlos.filho/.npm-global/lib/node_modules/typescript/lib/lib.scripthost.d.ts","/home/carlos.filho/.npm-global/lib/node_modules/typescript/lib/lib.es2015.core.d.ts","/home/carlos.filho/.npm-global/lib/node_modules/typescript/lib/lib.es2015.collection.d.ts","/home/carlos.filho/.npm-global/lib/node_modules/typescript/lib/lib.es2015.generator.d.ts","/home/carlos.filho/.npm-global/lib/node_modules/typescript/lib/lib.es2015.iterable.d.ts","/home/carlos.filho/.npm-global/lib/node_modules/typescript/lib/lib.es2015.promise.d.ts","/home/carlos.filho/.npm-global/lib/node_modules/typescript/lib/lib.es2015.proxy.d.ts","/home/carlos.filho/.npm-global/lib/node_modules/typescript/lib/lib.es2015.reflect.d.ts","/home/carlos.filho/.npm-global/lib/node_modules/typescript/lib/lib.es2015.symbol.d.ts","/home/carlos.filho/.npm-global/lib/node_modules/typescript/lib/lib.es2015.symbol.wellknown.d.ts","/home/carlos.filho/.npm-global/lib/node_modules/typescript/lib/lib.es2016.array.include.d.ts","/home/carlos.filho/.npm-global/lib/node_modules/typescript/lib/lib.es2016.full.d.ts","/home/carlos.filho/Documentos/Projects/Recup-FrontEndII/assets/js/drawElements.js","/home/carlos.filho/Documentos/Projects/Recup-FrontEndII/assets/js/main.js"],"compilerOptions":{"module":1,"target":3,"jsx":1,"allowJs":true,"allowSyntheticDefaultImports":true,"allowNonTsExtensions":true,"noEmitForJsFiles":true,"maxNodeModuleJsDepth":2},"typeAcquisition":{"enable":true,"include":[],"exclude":[]},"unresolvedImports":[],"projectRootPath":"/home/carlos.filho/Documentos/Projects/Recup-FrontEndII/assets/js","kind":"discover"}
[21:13:56.628] Explicitly included types: []
[21:13:56.629] Inferred typings from unresolved imports: []
[21:13:56.629] Result: {"cachedTypingPaths":[],"newTypingNames":[],"filesToWatch":["/home/carlos.filho/Documentos/Projects/Recup-FrontEndII/assets/js/bower_components","/home/carlos.filho/Documentos/Projects/Recup-FrontEndII/assets/js/node_modules"]}
[21:13:56.629] Finished typings discovery: {"cachedTypingPaths":[],"newTypingNames":[],"filesToWatch":["/home/carlos.filho/Documentos/Projects/Recup-FrontEndII/assets/js/bower_components","/home/carlos.filho/Documentos/Projects/Recup-FrontEndII/assets/js/node_modules"]}
[21:13:56.629] Sending response:
    {"projectName":"/dev/null/inferredProject1*","typeAcquisition":{"enable":true,"include":[],"exclude":[]},"compilerOptions":{"module":1,"target":3,"jsx":1,"allowJs":true,"allowSyntheticDefaultImports":true,"allowNonTsExtensions":true,"noEmitForJsFiles":true,"maxNodeModuleJsDepth":2},"typings":[],"unresolvedImports":[],"kind":"action::set"}
[21:13:56.630] Response has been sent.
[21:13:56.630] No new typings were requested as a result of typings discovery
