[16:31:42.413] Global cache location '/home/carlos.filho/.cache/typescript/4.6', safe file path '/home/carlos.filho/.npm-global/lib/node_modules/typescript/lib/typingSafeList.json', types map path /home/carlos.filho/.npm-global/lib/node_modules/typescript/lib/typesMap.json
[16:31:42.416] Processing cache location '/home/carlos.filho/.cache/typescript/4.6'
[16:31:42.416] Trying to find '/home/carlos.filho/.cache/typescript/4.6/package.json'...
[16:31:42.418] Loaded content of '/home/carlos.filho/.cache/typescript/4.6/package.json': {"private":true,"dependencies":{"types-registry":"^0.1.590"}}
[16:31:42.418] Loaded content of '/home/carlos.filho/.cache/typescript/4.6/package-lock.json'
[16:31:42.418] Finished processing cache location '/home/carlos.filho/.cache/typescript/4.6'
[16:31:42.419] Process id: 143407
[16:31:42.420] NPM location: /usr/bin/npm (explicit '--npmLocation' not  provided)
[16:31:42.420] validateDefaultNpmLocation: false
[16:31:42.421] Npm config file: /home/carlos.filho/.cache/typescript/4.6/package.json
[16:31:42.421] Updating types-registry npm package...
[16:31:42.422] Exec: /usr/bin/npm install --ignore-scripts types-registry@latest
[16:31:44.415]     Succeeded. stdout:
    
    up to date, audited 2 packages in 1s

found 0 vulnerabilities

[16:31:44.415] Updated types-registry npm package
[16:31:44.492] Got install request {"projectName":"/dev/null/inferredProject1*","fileNames":["/home/carlos.filho/.npm-global/lib/node_modules/typescript/lib/lib.es5.d.ts","/home/carlos.filho/.npm-global/lib/node_modules/typescript/lib/lib.es2015.d.ts","/home/carlos.filho/.npm-global/lib/node_modules/typescript/lib/lib.es2016.d.ts","/home/carlos.filho/.npm-global/lib/node_modules/typescript/lib/lib.dom.d.ts","/home/carlos.filho/.npm-global/lib/node_modules/typescript/lib/lib.dom.iterable.d.ts","/home/carlos.filho/.npm-global/lib/node_modules/typescript/lib/lib.webworker.importscripts.d.ts","/home/carlos.filho/.npm-global/lib/node_modules/typescript/lib/lib.scripthost.d.ts","/home/carlos.filho/.npm-global/lib/node_modules/typescript/lib/lib.es2015.core.d.ts","/home/carlos.filho/.npm-global/lib/node_modules/typescript/lib/lib.es2015.collection.d.ts","/home/carlos.filho/.npm-global/lib/node_modules/typescript/lib/lib.es2015.generator.d.ts","/home/carlos.filho/.npm-global/lib/node_modules/typescript/lib/lib.es2015.iterable.d.ts","/home/carlos.filho/.npm-global/lib/node_modules/typescript/lib/lib.es2015.promise.d.ts","/home/carlos.filho/.npm-global/lib/node_modules/typescript/lib/lib.es2015.proxy.d.ts","/home/carlos.filho/.npm-global/lib/node_modules/typescript/lib/lib.es2015.reflect.d.ts","/home/carlos.filho/.npm-global/lib/node_modules/typescript/lib/lib.es2015.symbol.d.ts","/home/carlos.filho/.npm-global/lib/node_modules/typescript/lib/lib.es2015.symbol.wellknown.d.ts","/home/carlos.filho/.npm-global/lib/node_modules/typescript/lib/lib.es2016.array.include.d.ts","/home/carlos.filho/.npm-global/lib/node_modules/typescript/lib/lib.es2016.full.d.ts","/home/carlos.filho/Documentos/Projects/Recup-FrontEndII/assets/js/main.js"],"compilerOptions":{"module":1,"target":3,"jsx":1,"allowJs":true,"allowSyntheticDefaultImports":true,"allowNonTsExtensions":true,"noEmitForJsFiles":true,"maxNodeModuleJsDepth":2},"typeAcquisition":{"enable":true,"include":[],"exclude":[]},"unresolvedImports":[],"projectRootPath":"/home/carlos.filho/Documentos/Projects/Recup-FrontEndII/assets/js","kind":"discover"}
[16:31:44.547] Loaded safelist from types map file '/home/carlos.filho/.npm-global/lib/node_modules/typescript/lib/typesMap.json'
[16:31:44.549] Explicitly included types: []
[16:31:44.552] Inferred typings from unresolved imports: []
[16:31:44.552] Result: {"cachedTypingPaths":[],"newTypingNames":[],"filesToWatch":["/home/carlos.filho/Documentos/Projects/Recup-FrontEndII/assets/js/bower_components","/home/carlos.filho/Documentos/Projects/Recup-FrontEndII/assets/js/node_modules"]}
[16:31:44.552] Finished typings discovery: {"cachedTypingPaths":[],"newTypingNames":[],"filesToWatch":["/home/carlos.filho/Documentos/Projects/Recup-FrontEndII/assets/js/bower_components","/home/carlos.filho/Documentos/Projects/Recup-FrontEndII/assets/js/node_modules"]}
[16:31:44.553] DirectoryWatcher:: Added:: WatchInfo: /home/carlos.filho/Documentos/Projects/Recup-FrontEndII/assets/js/bower_components
[16:31:44.554] DirectoryWatcher:: Added:: WatchInfo: /home/carlos.filho/Documentos/Projects/Recup-FrontEndII/assets/js/bower_components 1 undefined Project: /dev/null/inferredProject1* watcher already invoked: false
[16:31:44.557] Elapsed:: 2.955730998888612ms DirectoryWatcher:: Added:: WatchInfo: /home/carlos.filho/Documentos/Projects/Recup-FrontEndII/assets/js/bower_components 1 undefined Project: /dev/null/inferredProject1* watcher already invoked: false
[16:31:44.558] DirectoryWatcher:: Added:: WatchInfo: /home/carlos.filho/Documentos/Projects/Recup-FrontEndII/assets/js/node_modules
[16:31:44.558] DirectoryWatcher:: Added:: WatchInfo: /home/carlos.filho/Documentos/Projects/Recup-FrontEndII/assets/js/node_modules 1 undefined Project: /dev/null/inferredProject1* watcher already invoked: false
[16:31:44.558] Elapsed:: 0.22675300016999245ms DirectoryWatcher:: Added:: WatchInfo: /home/carlos.filho/Documentos/Projects/Recup-FrontEndII/assets/js/node_modules 1 undefined Project: /dev/null/inferredProject1* watcher already invoked: false
[16:31:44.558] Sending response:
    {"projectName":"/dev/null/inferredProject1*","typeAcquisition":{"enable":true,"include":[],"exclude":[]},"compilerOptions":{"module":1,"target":3,"jsx":1,"allowJs":true,"allowSyntheticDefaultImports":true,"allowNonTsExtensions":true,"noEmitForJsFiles":true,"maxNodeModuleJsDepth":2},"typings":[],"unresolvedImports":[],"kind":"action::set"}
[16:31:44.559] Response has been sent.
[16:31:44.559] No new typings were requested as a result of typings discovery
[16:31:54.745] Got install request {"projectName":"/dev/null/inferredProject2*","fileNames":["/home/carlos.filho/.npm-global/lib/node_modules/typescript/lib/lib.es5.d.ts","/home/carlos.filho/.npm-global/lib/node_modules/typescript/lib/lib.es2015.d.ts","/home/carlos.filho/.npm-global/lib/node_modules/typescript/lib/lib.es2016.d.ts","/home/carlos.filho/.npm-global/lib/node_modules/typescript/lib/lib.dom.d.ts","/home/carlos.filho/.npm-global/lib/node_modules/typescript/lib/lib.dom.iterable.d.ts","/home/carlos.filho/.npm-global/lib/node_modules/typescript/lib/lib.webworker.importscripts.d.ts","/home/carlos.filho/.npm-global/lib/node_modules/typescript/lib/lib.scripthost.d.ts","/home/carlos.filho/.npm-global/lib/node_modules/typescript/lib/lib.es2015.core.d.ts","/home/carlos.filho/.npm-global/lib/node_modules/typescript/lib/lib.es2015.collection.d.ts","/home/carlos.filho/.npm-global/lib/node_modules/typescript/lib/lib.es2015.generator.d.ts","/home/carlos.filho/.npm-global/lib/node_modules/typescript/lib/lib.es2015.iterable.d.ts","/home/carlos.filho/.npm-global/lib/node_modules/typescript/lib/lib.es2015.promise.d.ts","/home/carlos.filho/.npm-global/lib/node_modules/typescript/lib/lib.es2015.proxy.d.ts","/home/carlos.filho/.npm-global/lib/node_modules/typescript/lib/lib.es2015.reflect.d.ts","/home/carlos.filho/.npm-global/lib/node_modules/typescript/lib/lib.es2015.symbol.d.ts","/home/carlos.filho/.npm-global/lib/node_modules/typescript/lib/lib.es2015.symbol.wellknown.d.ts","/home/carlos.filho/.npm-global/lib/node_modules/typescript/lib/lib.es2016.array.include.d.ts","/home/carlos.filho/.npm-global/lib/node_modules/typescript/lib/lib.es2016.full.d.ts","/home/carlos.filho/Documentos/Projects/Recup-FrontEndII/assets/js/drawElements.js"],"compilerOptions":{"module":1,"target":3,"jsx":1,"allowJs":true,"allowSyntheticDefaultImports":true,"allowNonTsExtensions":true,"noEmitForJsFiles":true,"maxNodeModuleJsDepth":2},"typeAcquisition":{"enable":true,"include":[],"exclude":[]},"unresolvedImports":[],"projectRootPath":"/home/carlos.filho/Documentos/Projects/Recup-FrontEndII/assets/js","kind":"discover"}
[16:31:54.745] Explicitly included types: []
[16:31:54.746] Inferred typings from unresolved imports: []
[16:31:54.746] Result: {"cachedTypingPaths":[],"newTypingNames":[],"filesToWatch":["/home/carlos.filho/Documentos/Projects/Recup-FrontEndII/assets/js/bower_components","/home/carlos.filho/Documentos/Projects/Recup-FrontEndII/assets/js/node_modules"]}
[16:31:54.746] Finished typings discovery: {"cachedTypingPaths":[],"newTypingNames":[],"filesToWatch":["/home/carlos.filho/Documentos/Projects/Recup-FrontEndII/assets/js/bower_components","/home/carlos.filho/Documentos/Projects/Recup-FrontEndII/assets/js/node_modules"]}
[16:31:54.746] DirectoryWatcher:: Added:: WatchInfo: /home/carlos.filho/Documentos/Projects/Recup-FrontEndII/assets/js/bower_components
[16:31:54.747] DirectoryWatcher:: Added:: WatchInfo: /home/carlos.filho/Documentos/Projects/Recup-FrontEndII/assets/js/bower_components 1 undefined Project: /dev/null/inferredProject2* watcher already invoked: false
[16:31:54.747] Elapsed:: 0.06476100161671638ms DirectoryWatcher:: Added:: WatchInfo: /home/carlos.filho/Documentos/Projects/Recup-FrontEndII/assets/js/bower_components 1 undefined Project: /dev/null/inferredProject2* watcher already invoked: false
[16:31:54.747] DirectoryWatcher:: Added:: WatchInfo: /home/carlos.filho/Documentos/Projects/Recup-FrontEndII/assets/js/node_modules
[16:31:54.748] DirectoryWatcher:: Added:: WatchInfo: /home/carlos.filho/Documentos/Projects/Recup-FrontEndII/assets/js/node_modules 1 undefined Project: /dev/null/inferredProject2* watcher already invoked: false
[16:31:54.748] Elapsed:: 0.039180999621748924ms DirectoryWatcher:: Added:: WatchInfo: /home/carlos.filho/Documentos/Projects/Recup-FrontEndII/assets/js/node_modules 1 undefined Project: /dev/null/inferredProject2* watcher already invoked: false
[16:31:54.748] Sending response:
    {"projectName":"/dev/null/inferredProject2*","typeAcquisition":{"enable":true,"include":[],"exclude":[]},"compilerOptions":{"module":1,"target":3,"jsx":1,"allowJs":true,"allowSyntheticDefaultImports":true,"allowNonTsExtensions":true,"noEmitForJsFiles":true,"maxNodeModuleJsDepth":2},"typings":[],"unresolvedImports":[],"kind":"action::set"}
[16:31:54.748] Response has been sent.
[16:31:54.749] No new typings were requested as a result of typings discovery
[16:36:50.653] Got install request {"projectName":"/dev/null/inferredProject1*","fileNames":["/home/carlos.filho/.npm-global/lib/node_modules/typescript/lib/lib.es5.d.ts","/home/carlos.filho/.npm-global/lib/node_modules/typescript/lib/lib.es2015.d.ts","/home/carlos.filho/.npm-global/lib/node_modules/typescript/lib/lib.es2016.d.ts","/home/carlos.filho/.npm-global/lib/node_modules/typescript/lib/lib.dom.d.ts","/home/carlos.filho/.npm-global/lib/node_modules/typescript/lib/lib.dom.iterable.d.ts","/home/carlos.filho/.npm-global/lib/node_modules/typescript/lib/lib.webworker.importscripts.d.ts","/home/carlos.filho/.npm-global/lib/node_modules/typescript/lib/lib.scripthost.d.ts","/home/carlos.filho/.npm-global/lib/node_modules/typescript/lib/lib.es2015.core.d.ts","/home/carlos.filho/.npm-global/lib/node_modules/typescript/lib/lib.es2015.collection.d.ts","/home/carlos.filho/.npm-global/lib/node_modules/typescript/lib/lib.es2015.generator.d.ts","/home/carlos.filho/.npm-global/lib/node_modules/typescript/lib/lib.es2015.iterable.d.ts","/home/carlos.filho/.npm-global/lib/node_modules/typescript/lib/lib.es2015.promise.d.ts","/home/carlos.filho/.npm-global/lib/node_modules/typescript/lib/lib.es2015.proxy.d.ts","/home/carlos.filho/.npm-global/lib/node_modules/typescript/lib/lib.es2015.reflect.d.ts","/home/carlos.filho/.npm-global/lib/node_modules/typescript/lib/lib.es2015.symbol.d.ts","/home/carlos.filho/.npm-global/lib/node_modules/typescript/lib/lib.es2015.symbol.wellknown.d.ts","/home/carlos.filho/.npm-global/lib/node_modules/typescript/lib/lib.es2016.array.include.d.ts","/home/carlos.filho/.npm-global/lib/node_modules/typescript/lib/lib.es2016.full.d.ts","/home/carlos.filho/Documentos/Projects/Recup-FrontEndII/assets/js/main.js"],"compilerOptions":{"module":1,"target":3,"jsx":1,"allowJs":true,"allowSyntheticDefaultImports":true,"allowNonTsExtensions":true,"noEmitForJsFiles":true,"maxNodeModuleJsDepth":2},"typeAcquisition":{"enable":true,"include":[],"exclude":[]},"unresolvedImports":["sr"],"projectRootPath":"/home/carlos.filho/Documentos/Projects/Recup-FrontEndII/assets/js","kind":"discover"}
[16:36:50.654] Explicitly included types: []
[16:36:50.654] Inferred typings from unresolved imports: ["sr"]
[16:36:50.655] Result: {"cachedTypingPaths":[],"newTypingNames":["sr"],"filesToWatch":["/home/carlos.filho/Documentos/Projects/Recup-FrontEndII/assets/js/bower_components","/home/carlos.filho/Documentos/Projects/Recup-FrontEndII/assets/js/node_modules"]}
[16:36:50.656] Finished typings discovery: {"cachedTypingPaths":[],"newTypingNames":["sr"],"filesToWatch":["/home/carlos.filho/Documentos/Projects/Recup-FrontEndII/assets/js/bower_components","/home/carlos.filho/Documentos/Projects/Recup-FrontEndII/assets/js/node_modules"]}
[16:36:50.656] Installing typings ["sr"]
[16:36:50.658] 'sr':: Entry for package 'sr' does not exist in local types registry - skipping...
[16:36:50.658] All typings are known to be missing or invalid - no need to install more typings
[16:36:50.658] Sending response:
    {"projectName":"/dev/null/inferredProject1*","typeAcquisition":{"enable":true,"include":[],"exclude":[]},"compilerOptions":{"module":1,"target":3,"jsx":1,"allowJs":true,"allowSyntheticDefaultImports":true,"allowNonTsExtensions":true,"noEmitForJsFiles":true,"maxNodeModuleJsDepth":2},"typings":[],"unresolvedImports":["sr"],"kind":"action::set"}
[16:36:50.658] Response has been sent.
[16:36:50.697] Got install request {"projectName":"/dev/null/inferredProject1*","fileNames":["/home/carlos.filho/.npm-global/lib/node_modules/typescript/lib/lib.es5.d.ts","/home/carlos.filho/.npm-global/lib/node_modules/typescript/lib/lib.es2015.d.ts","/home/carlos.filho/.npm-global/lib/node_modules/typescript/lib/lib.es2016.d.ts","/home/carlos.filho/.npm-global/lib/node_modules/typescript/lib/lib.dom.d.ts","/home/carlos.filho/.npm-global/lib/node_modules/typescript/lib/lib.dom.iterable.d.ts","/home/carlos.filho/.npm-global/lib/node_modules/typescript/lib/lib.webworker.importscripts.d.ts","/home/carlos.filho/.npm-global/lib/node_modules/typescript/lib/lib.scripthost.d.ts","/home/carlos.filho/.npm-global/lib/node_modules/typescript/lib/lib.es2015.core.d.ts","/home/carlos.filho/.npm-global/lib/node_modules/typescript/lib/lib.es2015.collection.d.ts","/home/carlos.filho/.npm-global/lib/node_modules/typescript/lib/lib.es2015.generator.d.ts","/home/carlos.filho/.npm-global/lib/node_modules/typescript/lib/lib.es2015.iterable.d.ts","/home/carlos.filho/.npm-global/lib/node_modules/typescript/lib/lib.es2015.promise.d.ts","/home/carlos.filho/.npm-global/lib/node_modules/typescript/lib/lib.es2015.proxy.d.ts","/home/carlos.filho/.npm-global/lib/node_modules/typescript/lib/lib.es2015.reflect.d.ts","/home/carlos.filho/.npm-global/lib/node_modules/typescript/lib/lib.es2015.symbol.d.ts","/home/carlos.filho/.npm-global/lib/node_modules/typescript/lib/lib.es2015.symbol.wellknown.d.ts","/home/carlos.filho/.npm-global/lib/node_modules/typescript/lib/lib.es2016.array.include.d.ts","/home/carlos.filho/.npm-global/lib/node_modules/typescript/lib/lib.es2016.full.d.ts","/home/carlos.filho/Documentos/Projects/Recup-FrontEndII/assets/js/main.js"],"compilerOptions":{"module":1,"target":3,"jsx":1,"allowJs":true,"allowSyntheticDefaultImports":true,"allowNonTsExtensions":true,"noEmitForJsFiles":true,"maxNodeModuleJsDepth":2},"typeAcquisition":{"enable":true,"include":[],"exclude":[]},"unresolvedImports":["src"],"projectRootPath":"/home/carlos.filho/Documentos/Projects/Recup-FrontEndII/assets/js","kind":"discover"}
[16:36:50.698] Explicitly included types: []
[16:36:50.698] Inferred typings from unresolved imports: ["src"]
[16:36:50.699] Result: {"cachedTypingPaths":[],"newTypingNames":["src"],"filesToWatch":["/home/carlos.filho/Documentos/Projects/Recup-FrontEndII/assets/js/bower_components","/home/carlos.filho/Documentos/Projects/Recup-FrontEndII/assets/js/node_modules"]}
[16:36:50.699] Finished typings discovery: {"cachedTypingPaths":[],"newTypingNames":["src"],"filesToWatch":["/home/carlos.filho/Documentos/Projects/Recup-FrontEndII/assets/js/bower_components","/home/carlos.filho/Documentos/Projects/Recup-FrontEndII/assets/js/node_modules"]}
[16:36:50.699] Installing typings ["src"]
[16:36:50.699] 'src':: Entry for package 'src' does not exist in local types registry - skipping...
[16:36:50.699] All typings are known to be missing or invalid - no need to install more typings
[16:36:50.700] Sending response:
    {"projectName":"/dev/null/inferredProject1*","typeAcquisition":{"enable":true,"include":[],"exclude":[]},"compilerOptions":{"module":1,"target":3,"jsx":1,"allowJs":true,"allowSyntheticDefaultImports":true,"allowNonTsExtensions":true,"noEmitForJsFiles":true,"maxNodeModuleJsDepth":2},"typings":[],"unresolvedImports":["src"],"kind":"action::set"}
[16:36:50.700] Response has been sent.
[16:36:50.737] Got install request {"projectName":"/dev/null/inferredProject1*","fileNames":["/home/carlos.filho/.npm-global/lib/node_modules/typescript/lib/lib.es5.d.ts","/home/carlos.filho/.npm-global/lib/node_modules/typescript/lib/lib.es2015.d.ts","/home/carlos.filho/.npm-global/lib/node_modules/typescript/lib/lib.es2016.d.ts","/home/carlos.filho/.npm-global/lib/node_modules/typescript/lib/lib.dom.d.ts","/home/carlos.filho/.npm-global/lib/node_modules/typescript/lib/lib.dom.iterable.d.ts","/home/carlos.filho/.npm-global/lib/node_modules/typescript/lib/lib.webworker.importscripts.d.ts","/home/carlos.filho/.npm-global/lib/node_modules/typescript/lib/lib.scripthost.d.ts","/home/carlos.filho/.npm-global/lib/node_modules/typescript/lib/lib.es2015.core.d.ts","/home/carlos.filho/.npm-global/lib/node_modules/typescript/lib/lib.es2015.collection.d.ts","/home/carlos.filho/.npm-global/lib/node_modules/typescript/lib/lib.es2015.generator.d.ts","/home/carlos.filho/.npm-global/lib/node_modules/typescript/lib/lib.es2015.iterable.d.ts","/home/carlos.filho/.npm-global/lib/node_modules/typescript/lib/lib.es2015.promise.d.ts","/home/carlos.filho/.npm-global/lib/node_modules/typescript/lib/lib.es2015.proxy.d.ts","/home/carlos.filho/.npm-global/lib/node_modules/typescript/lib/lib.es2015.reflect.d.ts","/home/carlos.filho/.npm-global/lib/node_modules/typescript/lib/lib.es2015.symbol.d.ts","/home/carlos.filho/.npm-global/lib/node_modules/typescript/lib/lib.es2015.symbol.wellknown.d.ts","/home/carlos.filho/.npm-global/lib/node_modules/typescript/lib/lib.es2016.array.include.d.ts","/home/carlos.filho/.npm-global/lib/node_modules/typescript/lib/lib.es2016.full.d.ts","/home/carlos.filho/Documentos/Projects/Recup-FrontEndII/assets/js/main.js"],"compilerOptions":{"module":1,"target":3,"jsx":1,"allowJs":true,"allowSyntheticDefaultImports":true,"allowNonTsExtensions":true,"noEmitForJsFiles":true,"maxNodeModuleJsDepth":2},"typeAcquisition":{"enable":true,"include":[],"exclude":[]},"unresolvedImports":["sr"],"projectRootPath":"/home/carlos.filho/Documentos/Projects/Recup-FrontEndII/assets/js","kind":"discover"}
[16:36:50.737] Explicitly included types: []
[16:36:50.738] Inferred typings from unresolved imports: ["sr"]
[16:36:50.738] Result: {"cachedTypingPaths":[],"newTypingNames":["sr"],"filesToWatch":["/home/carlos.filho/Documentos/Projects/Recup-FrontEndII/assets/js/bower_components","/home/carlos.filho/Documentos/Projects/Recup-FrontEndII/assets/js/node_modules"]}
[16:36:50.738] Finished typings discovery: {"cachedTypingPaths":[],"newTypingNames":["sr"],"filesToWatch":["/home/carlos.filho/Documentos/Projects/Recup-FrontEndII/assets/js/bower_components","/home/carlos.filho/Documentos/Projects/Recup-FrontEndII/assets/js/node_modules"]}
[16:36:50.738] Installing typings ["sr"]
[16:36:50.738] 'sr':: Entry for package 'sr' does not exist in local types registry - skipping...
[16:36:50.738] All typings are known to be missing or invalid - no need to install more typings
[16:36:50.739] Sending response:
    {"projectName":"/dev/null/inferredProject1*","typeAcquisition":{"enable":true,"include":[],"exclude":[]},"compilerOptions":{"module":1,"target":3,"jsx":1,"allowJs":true,"allowSyntheticDefaultImports":true,"allowNonTsExtensions":true,"noEmitForJsFiles":true,"maxNodeModuleJsDepth":2},"typings":[],"unresolvedImports":["sr"],"kind":"action::set"}
[16:36:50.739] Response has been sent.
[16:36:51.183] Got install request {"projectName":"/dev/null/inferredProject1*","fileNames":["/home/carlos.filho/.npm-global/lib/node_modules/typescript/lib/lib.es5.d.ts","/home/carlos.filho/.npm-global/lib/node_modules/typescript/lib/lib.es2015.d.ts","/home/carlos.filho/.npm-global/lib/node_modules/typescript/lib/lib.es2016.d.ts","/home/carlos.filho/.npm-global/lib/node_modules/typescript/lib/lib.dom.d.ts","/home/carlos.filho/.npm-global/lib/node_modules/typescript/lib/lib.dom.iterable.d.ts","/home/carlos.filho/.npm-global/lib/node_modules/typescript/lib/lib.webworker.importscripts.d.ts","/home/carlos.filho/.npm-global/lib/node_modules/typescript/lib/lib.scripthost.d.ts","/home/carlos.filho/.npm-global/lib/node_modules/typescript/lib/lib.es2015.core.d.ts","/home/carlos.filho/.npm-global/lib/node_modules/typescript/lib/lib.es2015.collection.d.ts","/home/carlos.filho/.npm-global/lib/node_modules/typescript/lib/lib.es2015.generator.d.ts","/home/carlos.filho/.npm-global/lib/node_modules/typescript/lib/lib.es2015.iterable.d.ts","/home/carlos.filho/.npm-global/lib/node_modules/typescript/lib/lib.es2015.promise.d.ts","/home/carlos.filho/.npm-global/lib/node_modules/typescript/lib/lib.es2015.proxy.d.ts","/home/carlos.filho/.npm-global/lib/node_modules/typescript/lib/lib.es2015.reflect.d.ts","/home/carlos.filho/.npm-global/lib/node_modules/typescript/lib/lib.es2015.symbol.d.ts","/home/carlos.filho/.npm-global/lib/node_modules/typescript/lib/lib.es2015.symbol.wellknown.d.ts","/home/carlos.filho/.npm-global/lib/node_modules/typescript/lib/lib.es2016.array.include.d.ts","/home/carlos.filho/.npm-global/lib/node_modules/typescript/lib/lib.es2016.full.d.ts","/home/carlos.filho/Documentos/Projects/Recup-FrontEndII/assets/js/main.js"],"compilerOptions":{"module":1,"target":3,"jsx":1,"allowJs":true,"allowSyntheticDefaultImports":true,"allowNonTsExtensions":true,"noEmitForJsFiles":true,"maxNodeModuleJsDepth":2},"typeAcquisition":{"enable":true,"include":[],"exclude":[]},"unresolvedImports":["s"],"projectRootPath":"/home/carlos.filho/Documentos/Projects/Recup-FrontEndII/assets/js","kind":"discover"}
[16:36:51.183] Explicitly included types: []
[16:36:51.183] Inferred typings from unresolved imports: ["s"]
[16:36:51.183] Result: {"cachedTypingPaths":[],"newTypingNames":["s"],"filesToWatch":["/home/carlos.filho/Documentos/Projects/Recup-FrontEndII/assets/js/bower_components","/home/carlos.filho/Documentos/Projects/Recup-FrontEndII/assets/js/node_modules"]}
[16:36:51.183] Finished typings discovery: {"cachedTypingPaths":[],"newTypingNames":["s"],"filesToWatch":["/home/carlos.filho/Documentos/Projects/Recup-FrontEndII/assets/js/bower_components","/home/carlos.filho/Documentos/Projects/Recup-FrontEndII/assets/js/node_modules"]}
[16:36:51.183] Installing typings ["s"]
[16:36:51.184] 's':: Entry for package 's' does not exist in local types registry - skipping...
[16:36:51.184] All typings are known to be missing or invalid - no need to install more typings
[16:36:51.184] Sending response:
    {"projectName":"/dev/null/inferredProject1*","typeAcquisition":{"enable":true,"include":[],"exclude":[]},"compilerOptions":{"module":1,"target":3,"jsx":1,"allowJs":true,"allowSyntheticDefaultImports":true,"allowNonTsExtensions":true,"noEmitForJsFiles":true,"maxNodeModuleJsDepth":2},"typings":[],"unresolvedImports":["s"],"kind":"action::set"}
[16:36:51.184] Response has been sent.
[16:36:55.423] Got install request {"projectName":"/dev/null/inferredProject1*","fileNames":["/home/carlos.filho/.npm-global/lib/node_modules/typescript/lib/lib.es5.d.ts","/home/carlos.filho/.npm-global/lib/node_modules/typescript/lib/lib.es2015.d.ts","/home/carlos.filho/.npm-global/lib/node_modules/typescript/lib/lib.es2016.d.ts","/home/carlos.filho/.npm-global/lib/node_modules/typescript/lib/lib.dom.d.ts","/home/carlos.filho/.npm-global/lib/node_modules/typescript/lib/lib.dom.iterable.d.ts","/home/carlos.filho/.npm-global/lib/node_modules/typescript/lib/lib.webworker.importscripts.d.ts","/home/carlos.filho/.npm-global/lib/node_modules/typescript/lib/lib.scripthost.d.ts","/home/carlos.filho/.npm-global/lib/node_modules/typescript/lib/lib.es2015.core.d.ts","/home/carlos.filho/.npm-global/lib/node_modules/typescript/lib/lib.es2015.collection.d.ts","/home/carlos.filho/.npm-global/lib/node_modules/typescript/lib/lib.es2015.generator.d.ts","/home/carlos.filho/.npm-global/lib/node_modules/typescript/lib/lib.es2015.iterable.d.ts","/home/carlos.filho/.npm-global/lib/node_modules/typescript/lib/lib.es2015.promise.d.ts","/home/carlos.filho/.npm-global/lib/node_modules/typescript/lib/lib.es2015.proxy.d.ts","/home/carlos.filho/.npm-global/lib/node_modules/typescript/lib/lib.es2015.reflect.d.ts","/home/carlos.filho/.npm-global/lib/node_modules/typescript/lib/lib.es2015.symbol.d.ts","/home/carlos.filho/.npm-global/lib/node_modules/typescript/lib/lib.es2015.symbol.wellknown.d.ts","/home/carlos.filho/.npm-global/lib/node_modules/typescript/lib/lib.es2016.array.include.d.ts","/home/carlos.filho/.npm-global/lib/node_modules/typescript/lib/lib.es2016.full.d.ts","/home/carlos.filho/Documentos/Projects/Recup-FrontEndII/assets/js/main.js"],"compilerOptions":{"module":1,"target":3,"jsx":1,"allowJs":true,"allowSyntheticDefaultImports":true,"allowNonTsExtensions":true,"noEmitForJsFiles":true,"maxNodeModuleJsDepth":2},"typeAcquisition":{"enable":true,"include":[],"exclude":[]},"unresolvedImports":["a"],"projectRootPath":"/home/carlos.filho/Documentos/Projects/Recup-FrontEndII/assets/js","kind":"discover"}
[16:36:55.424] Explicitly included types: []
[16:36:55.424] Inferred typings from unresolved imports: ["a"]
[16:36:55.424] Result: {"cachedTypingPaths":[],"newTypingNames":["a"],"filesToWatch":["/home/carlos.filho/Documentos/Projects/Recup-FrontEndII/assets/js/bower_components","/home/carlos.filho/Documentos/Projects/Recup-FrontEndII/assets/js/node_modules"]}
[16:36:55.424] Finished typings discovery: {"cachedTypingPaths":[],"newTypingNames":["a"],"filesToWatch":["/home/carlos.filho/Documentos/Projects/Recup-FrontEndII/assets/js/bower_components","/home/carlos.filho/Documentos/Projects/Recup-FrontEndII/assets/js/node_modules"]}
[16:36:55.424] Installing typings ["a"]
[16:36:55.424] 'a':: Entry for package 'a' does not exist in local types registry - skipping...
[16:36:55.424] All typings are known to be missing or invalid - no need to install more typings
[16:36:55.424] Sending response:
    {"projectName":"/dev/null/inferredProject1*","typeAcquisition":{"enable":true,"include":[],"exclude":[]},"compilerOptions":{"module":1,"target":3,"jsx":1,"allowJs":true,"allowSyntheticDefaultImports":true,"allowNonTsExtensions":true,"noEmitForJsFiles":true,"maxNodeModuleJsDepth":2},"typings":[],"unresolvedImports":["a"],"kind":"action::set"}
[16:36:55.424] Response has been sent.
[16:36:55.467] Got install request {"projectName":"/dev/null/inferredProject1*","fileNames":["/home/carlos.filho/.npm-global/lib/node_modules/typescript/lib/lib.es5.d.ts","/home/carlos.filho/.npm-global/lib/node_modules/typescript/lib/lib.es2015.d.ts","/home/carlos.filho/.npm-global/lib/node_modules/typescript/lib/lib.es2016.d.ts","/home/carlos.filho/.npm-global/lib/node_modules/typescript/lib/lib.dom.d.ts","/home/carlos.filho/.npm-global/lib/node_modules/typescript/lib/lib.dom.iterable.d.ts","/home/carlos.filho/.npm-global/lib/node_modules/typescript/lib/lib.webworker.importscripts.d.ts","/home/carlos.filho/.npm-global/lib/node_modules/typescript/lib/lib.scripthost.d.ts","/home/carlos.filho/.npm-global/lib/node_modules/typescript/lib/lib.es2015.core.d.ts","/home/carlos.filho/.npm-global/lib/node_modules/typescript/lib/lib.es2015.collection.d.ts","/home/carlos.filho/.npm-global/lib/node_modules/typescript/lib/lib.es2015.generator.d.ts","/home/carlos.filho/.npm-global/lib/node_modules/typescript/lib/lib.es2015.iterable.d.ts","/home/carlos.filho/.npm-global/lib/node_modules/typescript/lib/lib.es2015.promise.d.ts","/home/carlos.filho/.npm-global/lib/node_modules/typescript/lib/lib.es2015.proxy.d.ts","/home/carlos.filho/.npm-global/lib/node_modules/typescript/lib/lib.es2015.reflect.d.ts","/home/carlos.filho/.npm-global/lib/node_modules/typescript/lib/lib.es2015.symbol.d.ts","/home/carlos.filho/.npm-global/lib/node_modules/typescript/lib/lib.es2015.symbol.wellknown.d.ts","/home/carlos.filho/.npm-global/lib/node_modules/typescript/lib/lib.es2016.array.include.d.ts","/home/carlos.filho/.npm-global/lib/node_modules/typescript/lib/lib.es2016.full.d.ts","/home/carlos.filho/Documentos/Projects/Recup-FrontEndII/assets/js/main.js"],"compilerOptions":{"module":1,"target":3,"jsx":1,"allowJs":true,"allowSyntheticDefaultImports":true,"allowNonTsExtensions":true,"noEmitForJsFiles":true,"maxNodeModuleJsDepth":2},"typeAcquisition":{"enable":true,"include":[],"exclude":[]},"unresolvedImports":["as"],"projectRootPath":"/home/carlos.filho/Documentos/Projects/Recup-FrontEndII/assets/js","kind":"discover"}
[16:36:55.467] Explicitly included types: []
[16:36:55.467] Inferred typings from unresolved imports: ["as"]
[16:36:55.467] Result: {"cachedTypingPaths":[],"newTypingNames":["as"],"filesToWatch":["/home/carlos.filho/Documentos/Projects/Recup-FrontEndII/assets/js/bower_components","/home/carlos.filho/Documentos/Projects/Recup-FrontEndII/assets/js/node_modules"]}
[16:36:55.467] Finished typings discovery: {"cachedTypingPaths":[],"newTypingNames":["as"],"filesToWatch":["/home/carlos.filho/Documentos/Projects/Recup-FrontEndII/assets/js/bower_components","/home/carlos.filho/Documentos/Projects/Recup-FrontEndII/assets/js/node_modules"]}
[16:36:55.468] Installing typings ["as"]
[16:36:55.468] 'as':: Entry for package 'as' does not exist in local types registry - skipping...
[16:36:55.468] All typings are known to be missing or invalid - no need to install more typings
[16:36:55.468] Sending response:
    {"projectName":"/dev/null/inferredProject1*","typeAcquisition":{"enable":true,"include":[],"exclude":[]},"compilerOptions":{"module":1,"target":3,"jsx":1,"allowJs":true,"allowSyntheticDefaultImports":true,"allowNonTsExtensions":true,"noEmitForJsFiles":true,"maxNodeModuleJsDepth":2},"typings":[],"unresolvedImports":["as"],"kind":"action::set"}
[16:36:55.468] Response has been sent.
[16:36:56.035] Got install request {"projectName":"/dev/null/inferredProject1*","fileNames":["/home/carlos.filho/.npm-global/lib/node_modules/typescript/lib/lib.es5.d.ts","/home/carlos.filho/.npm-global/lib/node_modules/typescript/lib/lib.es2015.d.ts","/home/carlos.filho/.npm-global/lib/node_modules/typescript/lib/lib.es2016.d.ts","/home/carlos.filho/.npm-global/lib/node_modules/typescript/lib/lib.dom.d.ts","/home/carlos.filho/.npm-global/lib/node_modules/typescript/lib/lib.dom.iterable.d.ts","/home/carlos.filho/.npm-global/lib/node_modules/typescript/lib/lib.webworker.importscripts.d.ts","/home/carlos.filho/.npm-global/lib/node_modules/typescript/lib/lib.scripthost.d.ts","/home/carlos.filho/.npm-global/lib/node_modules/typescript/lib/lib.es2015.core.d.ts","/home/carlos.filho/.npm-global/lib/node_modules/typescript/lib/lib.es2015.collection.d.ts","/home/carlos.filho/.npm-global/lib/node_modules/typescript/lib/lib.es2015.generator.d.ts","/home/carlos.filho/.npm-global/lib/node_modules/typescript/lib/lib.es2015.iterable.d.ts","/home/carlos.filho/.npm-global/lib/node_modules/typescript/lib/lib.es2015.promise.d.ts","/home/carlos.filho/.npm-global/lib/node_modules/typescript/lib/lib.es2015.proxy.d.ts","/home/carlos.filho/.npm-global/lib/node_modules/typescript/lib/lib.es2015.reflect.d.ts","/home/carlos.filho/.npm-global/lib/node_modules/typescript/lib/lib.es2015.symbol.d.ts","/home/carlos.filho/.npm-global/lib/node_modules/typescript/lib/lib.es2015.symbol.wellknown.d.ts","/home/carlos.filho/.npm-global/lib/node_modules/typescript/lib/lib.es2016.array.include.d.ts","/home/carlos.filho/.npm-global/lib/node_modules/typescript/lib/lib.es2016.full.d.ts","/home/carlos.filho/Documentos/Projects/Recup-FrontEndII/assets/js/main.js"],"compilerOptions":{"module":1,"target":3,"jsx":1,"allowJs":true,"allowSyntheticDefaultImports":true,"allowNonTsExtensions":true,"noEmitForJsFiles":true,"maxNodeModuleJsDepth":2},"typeAcquisition":{"enable":true,"include":[],"exclude":[]},"unresolvedImports":["asse"],"projectRootPath":"/home/carlos.filho/Documentos/Projects/Recup-FrontEndII/assets/js","kind":"discover"}
[16:36:56.036] Explicitly included types: []
[16:36:56.037] Inferred typings from unresolved imports: ["asse"]
[16:36:56.037] Result: {"cachedTypingPaths":[],"newTypingNames":["asse"],"filesToWatch":["/home/carlos.filho/Documentos/Projects/Recup-FrontEndII/assets/js/bower_components","/home/carlos.filho/Documentos/Projects/Recup-FrontEndII/assets/js/node_modules"]}
[16:36:56.037] Finished typings discovery: {"cachedTypingPaths":[],"newTypingNames":["asse"],"filesToWatch":["/home/carlos.filho/Documentos/Projects/Recup-FrontEndII/assets/js/bower_components","/home/carlos.filho/Documentos/Projects/Recup-FrontEndII/assets/js/node_modules"]}
[16:36:56.038] Installing typings ["asse"]
[16:36:56.038] 'asse':: Entry for package 'asse' does not exist in local types registry - skipping...
[16:36:56.038] All typings are known to be missing or invalid - no need to install more typings
[16:36:56.038] Sending response:
    {"projectName":"/dev/null/inferredProject1*","typeAcquisition":{"enable":true,"include":[],"exclude":[]},"compilerOptions":{"module":1,"target":3,"jsx":1,"allowJs":true,"allowSyntheticDefaultImports":true,"allowNonTsExtensions":true,"noEmitForJsFiles":true,"maxNodeModuleJsDepth":2},"typings":[],"unresolvedImports":["asse"],"kind":"action::set"}
[16:36:56.039] Response has been sent.
[16:36:56.078] Got install request {"projectName":"/dev/null/inferredProject1*","fileNames":["/home/carlos.filho/.npm-global/lib/node_modules/typescript/lib/lib.es5.d.ts","/home/carlos.filho/.npm-global/lib/node_modules/typescript/lib/lib.es2015.d.ts","/home/carlos.filho/.npm-global/lib/node_modules/typescript/lib/lib.es2016.d.ts","/home/carlos.filho/.npm-global/lib/node_modules/typescript/lib/lib.dom.d.ts","/home/carlos.filho/.npm-global/lib/node_modules/typescript/lib/lib.dom.iterable.d.ts","/home/carlos.filho/.npm-global/lib/node_modules/typescript/lib/lib.webworker.importscripts.d.ts","/home/carlos.filho/.npm-global/lib/node_modules/typescript/lib/lib.scripthost.d.ts","/home/carlos.filho/.npm-global/lib/node_modules/typescript/lib/lib.es2015.core.d.ts","/home/carlos.filho/.npm-global/lib/node_modules/typescript/lib/lib.es2015.collection.d.ts","/home/carlos.filho/.npm-global/lib/node_modules/typescript/lib/lib.es2015.generator.d.ts","/home/carlos.filho/.npm-global/lib/node_modules/typescript/lib/lib.es2015.iterable.d.ts","/home/carlos.filho/.npm-global/lib/node_modules/typescript/lib/lib.es2015.promise.d.ts","/home/carlos.filho/.npm-global/lib/node_modules/typescript/lib/lib.es2015.proxy.d.ts","/home/carlos.filho/.npm-global/lib/node_modules/typescript/lib/lib.es2015.reflect.d.ts","/home/carlos.filho/.npm-global/lib/node_modules/typescript/lib/lib.es2015.symbol.d.ts","/home/carlos.filho/.npm-global/lib/node_modules/typescript/lib/lib.es2015.symbol.wellknown.d.ts","/home/carlos.filho/.npm-global/lib/node_modules/typescript/lib/lib.es2016.array.include.d.ts","/home/carlos.filho/.npm-global/lib/node_modules/typescript/lib/lib.es2016.full.d.ts","/home/carlos.filho/Documentos/Projects/Recup-FrontEndII/assets/js/main.js"],"compilerOptions":{"module":1,"target":3,"jsx":1,"allowJs":true,"allowSyntheticDefaultImports":true,"allowNonTsExtensions":true,"noEmitForJsFiles":true,"maxNodeModuleJsDepth":2},"typeAcquisition":{"enable":true,"include":[],"exclude":[]},"unresolvedImports":["asses"],"projectRootPath":"/home/carlos.filho/Documentos/Projects/Recup-FrontEndII/assets/js","kind":"discover"}
[16:36:56.079] Explicitly included types: []
[16:36:56.079] Inferred typings from unresolved imports: ["asses"]
[16:36:56.079] Result: {"cachedTypingPaths":[],"newTypingNames":["asses"],"filesToWatch":["/home/carlos.filho/Documentos/Projects/Recup-FrontEndII/assets/js/bower_components","/home/carlos.filho/Documentos/Projects/Recup-FrontEndII/assets/js/node_modules"]}
[16:36:56.080] Finished typings discovery: {"cachedTypingPaths":[],"newTypingNames":["asses"],"filesToWatch":["/home/carlos.filho/Documentos/Projects/Recup-FrontEndII/assets/js/bower_components","/home/carlos.filho/Documentos/Projects/Recup-FrontEndII/assets/js/node_modules"]}
[16:36:56.080] Installing typings ["asses"]
[16:36:56.080] 'asses':: Entry for package 'asses' does not exist in local types registry - skipping...
[16:36:56.080] All typings are known to be missing or invalid - no need to install more typings
[16:36:56.081] Sending response:
    {"projectName":"/dev/null/inferredProject1*","typeAcquisition":{"enable":true,"include":[],"exclude":[]},"compilerOptions":{"module":1,"target":3,"jsx":1,"allowJs":true,"allowSyntheticDefaultImports":true,"allowNonTsExtensions":true,"noEmitForJsFiles":true,"maxNodeModuleJsDepth":2},"typings":[],"unresolvedImports":["asses"],"kind":"action::set"}
[16:36:56.081] Response has been sent.
[16:36:56.561] Got install request {"projectName":"/dev/null/inferredProject1*","fileNames":["/home/carlos.filho/.npm-global/lib/node_modules/typescript/lib/lib.es5.d.ts","/home/carlos.filho/.npm-global/lib/node_modules/typescript/lib/lib.es2015.d.ts","/home/carlos.filho/.npm-global/lib/node_modules/typescript/lib/lib.es2016.d.ts","/home/carlos.filho/.npm-global/lib/node_modules/typescript/lib/lib.dom.d.ts","/home/carlos.filho/.npm-global/lib/node_modules/typescript/lib/lib.dom.iterable.d.ts","/home/carlos.filho/.npm-global/lib/node_modules/typescript/lib/lib.webworker.importscripts.d.ts","/home/carlos.filho/.npm-global/lib/node_modules/typescript/lib/lib.scripthost.d.ts","/home/carlos.filho/.npm-global/lib/node_modules/typescript/lib/lib.es2015.core.d.ts","/home/carlos.filho/.npm-global/lib/node_modules/typescript/lib/lib.es2015.collection.d.ts","/home/carlos.filho/.npm-global/lib/node_modules/typescript/lib/lib.es2015.generator.d.ts","/home/carlos.filho/.npm-global/lib/node_modules/typescript/lib/lib.es2015.iterable.d.ts","/home/carlos.filho/.npm-global/lib/node_modules/typescript/lib/lib.es2015.promise.d.ts","/home/carlos.filho/.npm-global/lib/node_modules/typescript/lib/lib.es2015.proxy.d.ts","/home/carlos.filho/.npm-global/lib/node_modules/typescript/lib/lib.es2015.reflect.d.ts","/home/carlos.filho/.npm-global/lib/node_modules/typescript/lib/lib.es2015.symbol.d.ts","/home/carlos.filho/.npm-global/lib/node_modules/typescript/lib/lib.es2015.symbol.wellknown.d.ts","/home/carlos.filho/.npm-global/lib/node_modules/typescript/lib/lib.es2016.array.include.d.ts","/home/carlos.filho/.npm-global/lib/node_modules/typescript/lib/lib.es2016.full.d.ts","/home/carlos.filho/Documentos/Projects/Recup-FrontEndII/assets/js/main.js"],"compilerOptions":{"module":1,"target":3,"jsx":1,"allowJs":true,"allowSyntheticDefaultImports":true,"allowNonTsExtensions":true,"noEmitForJsFiles":true,"maxNodeModuleJsDepth":2},"typeAcquisition":{"enable":true,"include":[],"exclude":[]},"unresolvedImports":["assest"],"projectRootPath":"/home/carlos.filho/Documentos/Projects/Recup-FrontEndII/assets/js","kind":"discover"}
[16:36:56.561] Explicitly included types: []
[16:36:56.562] Inferred typings from unresolved imports: ["assest"]
[16:36:56.562] Result: {"cachedTypingPaths":[],"newTypingNames":["assest"],"filesToWatch":["/home/carlos.filho/Documentos/Projects/Recup-FrontEndII/assets/js/bower_components","/home/carlos.filho/Documentos/Projects/Recup-FrontEndII/assets/js/node_modules"]}
[16:36:56.562] Finished typings discovery: {"cachedTypingPaths":[],"newTypingNames":["assest"],"filesToWatch":["/home/carlos.filho/Documentos/Projects/Recup-FrontEndII/assets/js/bower_components","/home/carlos.filho/Documentos/Projects/Recup-FrontEndII/assets/js/node_modules"]}
[16:36:56.562] Installing typings ["assest"]
[16:36:56.562] 'assest':: Entry for package 'assest' does not exist in local types registry - skipping...
[16:36:56.562] All typings are known to be missing or invalid - no need to install more typings
[16:36:56.563] Sending response:
    {"projectName":"/dev/null/inferredProject1*","typeAcquisition":{"enable":true,"include":[],"exclude":[]},"compilerOptions":{"module":1,"target":3,"jsx":1,"allowJs":true,"allowSyntheticDefaultImports":true,"allowNonTsExtensions":true,"noEmitForJsFiles":true,"maxNodeModuleJsDepth":2},"typings":[],"unresolvedImports":["assest"],"kind":"action::set"}
[16:36:56.563] Response has been sent.
[16:36:57.889] Got install request {"projectName":"/dev/null/inferredProject1*","fileNames":["/home/carlos.filho/.npm-global/lib/node_modules/typescript/lib/lib.es5.d.ts","/home/carlos.filho/.npm-global/lib/node_modules/typescript/lib/lib.es2015.d.ts","/home/carlos.filho/.npm-global/lib/node_modules/typescript/lib/lib.es2016.d.ts","/home/carlos.filho/.npm-global/lib/node_modules/typescript/lib/lib.dom.d.ts","/home/carlos.filho/.npm-global/lib/node_modules/typescript/lib/lib.dom.iterable.d.ts","/home/carlos.filho/.npm-global/lib/node_modules/typescript/lib/lib.webworker.importscripts.d.ts","/home/carlos.filho/.npm-global/lib/node_modules/typescript/lib/lib.scripthost.d.ts","/home/carlos.filho/.npm-global/lib/node_modules/typescript/lib/lib.es2015.core.d.ts","/home/carlos.filho/.npm-global/lib/node_modules/typescript/lib/lib.es2015.collection.d.ts","/home/carlos.filho/.npm-global/lib/node_modules/typescript/lib/lib.es2015.generator.d.ts","/home/carlos.filho/.npm-global/lib/node_modules/typescript/lib/lib.es2015.iterable.d.ts","/home/carlos.filho/.npm-global/lib/node_modules/typescript/lib/lib.es2015.promise.d.ts","/home/carlos.filho/.npm-global/lib/node_modules/typescript/lib/lib.es2015.proxy.d.ts","/home/carlos.filho/.npm-global/lib/node_modules/typescript/lib/lib.es2015.reflect.d.ts","/home/carlos.filho/.npm-global/lib/node_modules/typescript/lib/lib.es2015.symbol.d.ts","/home/carlos.filho/.npm-global/lib/node_modules/typescript/lib/lib.es2015.symbol.wellknown.d.ts","/home/carlos.filho/.npm-global/lib/node_modules/typescript/lib/lib.es2016.array.include.d.ts","/home/carlos.filho/.npm-global/lib/node_modules/typescript/lib/lib.es2016.full.d.ts","/home/carlos.filho/Documentos/Projects/Recup-FrontEndII/assets/js/main.js"],"compilerOptions":{"module":1,"target":3,"jsx":1,"allowJs":true,"allowSyntheticDefaultImports":true,"allowNonTsExtensions":true,"noEmitForJsFiles":true,"maxNodeModuleJsDepth":2},"typeAcquisition":{"enable":true,"include":[],"exclude":[]},"unresolvedImports":["assets"],"projectRootPath":"/home/carlos.filho/Documentos/Projects/Recup-FrontEndII/assets/js","kind":"discover"}
[16:36:57.889] Explicitly included types: []
[16:36:57.890] Inferred typings from unresolved imports: ["assets"]
[16:36:57.890] Result: {"cachedTypingPaths":[],"newTypingNames":["assets"],"filesToWatch":["/home/carlos.filho/Documentos/Projects/Recup-FrontEndII/assets/js/bower_components","/home/carlos.filho/Documentos/Projects/Recup-FrontEndII/assets/js/node_modules"]}
[16:36:57.890] Finished typings discovery: {"cachedTypingPaths":[],"newTypingNames":["assets"],"filesToWatch":["/home/carlos.filho/Documentos/Projects/Recup-FrontEndII/assets/js/bower_components","/home/carlos.filho/Documentos/Projects/Recup-FrontEndII/assets/js/node_modules"]}
[16:36:57.891] Installing typings ["assets"]
[16:36:57.891] 'assets':: Entry for package 'assets' does not exist in local types registry - skipping...
[16:36:57.891] All typings are known to be missing or invalid - no need to install more typings
[16:36:57.891] Sending response:
    {"projectName":"/dev/null/inferredProject1*","typeAcquisition":{"enable":true,"include":[],"exclude":[]},"compilerOptions":{"module":1,"target":3,"jsx":1,"allowJs":true,"allowSyntheticDefaultImports":true,"allowNonTsExtensions":true,"noEmitForJsFiles":true,"maxNodeModuleJsDepth":2},"typings":[],"unresolvedImports":["assets"],"kind":"action::set"}
[16:36:57.892] Response has been sent.
[16:45:13.979] Got install request {"projectName":"/dev/null/inferredProject1*","fileNames":["/home/carlos.filho/.npm-global/lib/node_modules/typescript/lib/lib.es5.d.ts","/home/carlos.filho/.npm-global/lib/node_modules/typescript/lib/lib.es2015.d.ts","/home/carlos.filho/.npm-global/lib/node_modules/typescript/lib/lib.es2016.d.ts","/home/carlos.filho/.npm-global/lib/node_modules/typescript/lib/lib.dom.d.ts","/home/carlos.filho/.npm-global/lib/node_modules/typescript/lib/lib.dom.iterable.d.ts","/home/carlos.filho/.npm-global/lib/node_modules/typescript/lib/lib.webworker.importscripts.d.ts","/home/carlos.filho/.npm-global/lib/node_modules/typescript/lib/lib.scripthost.d.ts","/home/carlos.filho/.npm-global/lib/node_modules/typescript/lib/lib.es2015.core.d.ts","/home/carlos.filho/.npm-global/lib/node_modules/typescript/lib/lib.es2015.collection.d.ts","/home/carlos.filho/.npm-global/lib/node_modules/typescript/lib/lib.es2015.generator.d.ts","/home/carlos.filho/.npm-global/lib/node_modules/typescript/lib/lib.es2015.iterable.d.ts","/home/carlos.filho/.npm-global/lib/node_modules/typescript/lib/lib.es2015.promise.d.ts","/home/carlos.filho/.npm-global/lib/node_modules/typescript/lib/lib.es2015.proxy.d.ts","/home/carlos.filho/.npm-global/lib/node_modules/typescript/lib/lib.es2015.reflect.d.ts","/home/carlos.filho/.npm-global/lib/node_modules/typescript/lib/lib.es2015.symbol.d.ts","/home/carlos.filho/.npm-global/lib/node_modules/typescript/lib/lib.es2015.symbol.wellknown.d.ts","/home/carlos.filho/.npm-global/lib/node_modules/typescript/lib/lib.es2016.array.include.d.ts","/home/carlos.filho/.npm-global/lib/node_modules/typescript/lib/lib.es2016.full.d.ts","/home/carlos.filho/Documentos/Projects/Recup-FrontEndII/assets/js/main.js"],"compilerOptions":{"module":1,"target":3,"jsx":1,"allowJs":true,"allowSyntheticDefaultImports":true,"allowNonTsExtensions":true,"noEmitForJsFiles":true,"maxNodeModuleJsDepth":2},"typeAcquisition":{"enable":true,"include":[],"exclude":[]},"unresolvedImports":[],"projectRootPath":"/home/carlos.filho/Documentos/Projects/Recup-FrontEndII/assets/js","kind":"discover"}
[16:45:13.979] Explicitly included types: []
[16:45:13.980] Inferred typings from unresolved imports: []
[16:45:13.980] Result: {"cachedTypingPaths":[],"newTypingNames":[],"filesToWatch":["/home/carlos.filho/Documentos/Projects/Recup-FrontEndII/assets/js/bower_components","/home/carlos.filho/Documentos/Projects/Recup-FrontEndII/assets/js/node_modules"]}
[16:45:13.981] Finished typings discovery: {"cachedTypingPaths":[],"newTypingNames":[],"filesToWatch":["/home/carlos.filho/Documentos/Projects/Recup-FrontEndII/assets/js/bower_components","/home/carlos.filho/Documentos/Projects/Recup-FrontEndII/assets/js/node_modules"]}
[16:45:13.981] Sending response:
    {"projectName":"/dev/null/inferredProject1*","typeAcquisition":{"enable":true,"include":[],"exclude":[]},"compilerOptions":{"module":1,"target":3,"jsx":1,"allowJs":true,"allowSyntheticDefaultImports":true,"allowNonTsExtensions":true,"noEmitForJsFiles":true,"maxNodeModuleJsDepth":2},"typings":[],"unresolvedImports":[],"kind":"action::set"}
[16:45:13.982] Response has been sent.
[16:45:13.982] No new typings were requested as a result of typings discovery
[16:45:15.539] Got install request {"projectName":"/dev/null/inferredProject1*","fileNames":["/home/carlos.filho/.npm-global/lib/node_modules/typescript/lib/lib.es5.d.ts","/home/carlos.filho/.npm-global/lib/node_modules/typescript/lib/lib.es2015.d.ts","/home/carlos.filho/.npm-global/lib/node_modules/typescript/lib/lib.es2016.d.ts","/home/carlos.filho/.npm-global/lib/node_modules/typescript/lib/lib.dom.d.ts","/home/carlos.filho/.npm-global/lib/node_modules/typescript/lib/lib.dom.iterable.d.ts","/home/carlos.filho/.npm-global/lib/node_modules/typescript/lib/lib.webworker.importscripts.d.ts","/home/carlos.filho/.npm-global/lib/node_modules/typescript/lib/lib.scripthost.d.ts","/home/carlos.filho/.npm-global/lib/node_modules/typescript/lib/lib.es2015.core.d.ts","/home/carlos.filho/.npm-global/lib/node_modules/typescript/lib/lib.es2015.collection.d.ts","/home/carlos.filho/.npm-global/lib/node_modules/typescript/lib/lib.es2015.generator.d.ts","/home/carlos.filho/.npm-global/lib/node_modules/typescript/lib/lib.es2015.iterable.d.ts","/home/carlos.filho/.npm-global/lib/node_modules/typescript/lib/lib.es2015.promise.d.ts","/home/carlos.filho/.npm-global/lib/node_modules/typescript/lib/lib.es2015.proxy.d.ts","/home/carlos.filho/.npm-global/lib/node_modules/typescript/lib/lib.es2015.reflect.d.ts","/home/carlos.filho/.npm-global/lib/node_modules/typescript/lib/lib.es2015.symbol.d.ts","/home/carlos.filho/.npm-global/lib/node_modules/typescript/lib/lib.es2015.symbol.wellknown.d.ts","/home/carlos.filho/.npm-global/lib/node_modules/typescript/lib/lib.es2016.array.include.d.ts","/home/carlos.filho/.npm-global/lib/node_modules/typescript/lib/lib.es2016.full.d.ts","/home/carlos.filho/Documentos/Projects/Recup-FrontEndII/assets/js/main.js"],"compilerOptions":{"module":1,"target":3,"jsx":1,"allowJs":true,"allowSyntheticDefaultImports":true,"allowNonTsExtensions":true,"noEmitForJsFiles":true,"maxNodeModuleJsDepth":2},"typeAcquisition":{"enable":true,"include":[],"exclude":[]},"unresolvedImports":["assets"],"projectRootPath":"/home/carlos.filho/Documentos/Projects/Recup-FrontEndII/assets/js","kind":"discover"}
[16:45:15.539] Explicitly included types: []
[16:45:15.540] Inferred typings from unresolved imports: ["assets"]
[16:45:15.540] Result: {"cachedTypingPaths":[],"newTypingNames":["assets"],"filesToWatch":["/home/carlos.filho/Documentos/Projects/Recup-FrontEndII/assets/js/bower_components","/home/carlos.filho/Documentos/Projects/Recup-FrontEndII/assets/js/node_modules"]}
[16:45:15.540] Finished typings discovery: {"cachedTypingPaths":[],"newTypingNames":["assets"],"filesToWatch":["/home/carlos.filho/Documentos/Projects/Recup-FrontEndII/assets/js/bower_components","/home/carlos.filho/Documentos/Projects/Recup-FrontEndII/assets/js/node_modules"]}
[16:45:15.540] Installing typings ["assets"]
[16:45:15.540] 'assets':: Entry for package 'assets' does not exist in local types registry - skipping...
[16:45:15.540] All typings are known to be missing or invalid - no need to install more typings
[16:45:15.540] Sending response:
    {"projectName":"/dev/null/inferredProject1*","typeAcquisition":{"enable":true,"include":[],"exclude":[]},"compilerOptions":{"module":1,"target":3,"jsx":1,"allowJs":true,"allowSyntheticDefaultImports":true,"allowNonTsExtensions":true,"noEmitForJsFiles":true,"maxNodeModuleJsDepth":2},"typings":[],"unresolvedImports":["assets"],"kind":"action::set"}
[16:45:15.541] Response has been sent.
[16:45:17.529] Got install request {"projectName":"/dev/null/inferredProject1*","fileNames":["/home/carlos.filho/.npm-global/lib/node_modules/typescript/lib/lib.es5.d.ts","/home/carlos.filho/.npm-global/lib/node_modules/typescript/lib/lib.es2015.d.ts","/home/carlos.filho/.npm-global/lib/node_modules/typescript/lib/lib.es2016.d.ts","/home/carlos.filho/.npm-global/lib/node_modules/typescript/lib/lib.dom.d.ts","/home/carlos.filho/.npm-global/lib/node_modules/typescript/lib/lib.dom.iterable.d.ts","/home/carlos.filho/.npm-global/lib/node_modules/typescript/lib/lib.webworker.importscripts.d.ts","/home/carlos.filho/.npm-global/lib/node_modules/typescript/lib/lib.scripthost.d.ts","/home/carlos.filho/.npm-global/lib/node_modules/typescript/lib/lib.es2015.core.d.ts","/home/carlos.filho/.npm-global/lib/node_modules/typescript/lib/lib.es2015.collection.d.ts","/home/carlos.filho/.npm-global/lib/node_modules/typescript/lib/lib.es2015.generator.d.ts","/home/carlos.filho/.npm-global/lib/node_modules/typescript/lib/lib.es2015.iterable.d.ts","/home/carlos.filho/.npm-global/lib/node_modules/typescript/lib/lib.es2015.promise.d.ts","/home/carlos.filho/.npm-global/lib/node_modules/typescript/lib/lib.es2015.proxy.d.ts","/home/carlos.filho/.npm-global/lib/node_modules/typescript/lib/lib.es2015.reflect.d.ts","/home/carlos.filho/.npm-global/lib/node_modules/typescript/lib/lib.es2015.symbol.d.ts","/home/carlos.filho/.npm-global/lib/node_modules/typescript/lib/lib.es2015.symbol.wellknown.d.ts","/home/carlos.filho/.npm-global/lib/node_modules/typescript/lib/lib.es2016.array.include.d.ts","/home/carlos.filho/.npm-global/lib/node_modules/typescript/lib/lib.es2016.full.d.ts","/home/carlos.filho/Documentos/Projects/Recup-FrontEndII/assets/js/main.js"],"compilerOptions":{"module":1,"target":3,"jsx":1,"allowJs":true,"allowSyntheticDefaultImports":true,"allowNonTsExtensions":true,"noEmitForJsFiles":true,"maxNodeModuleJsDepth":2},"typeAcquisition":{"enable":true,"include":[],"exclude":[]},"unresolvedImports":["iassets"],"projectRootPath":"/home/carlos.filho/Documentos/Projects/Recup-FrontEndII/assets/js","kind":"discover"}
[16:45:17.529] Explicitly included types: []
[16:45:17.530] Inferred typings from unresolved imports: ["iassets"]
[16:45:17.530] Result: {"cachedTypingPaths":[],"newTypingNames":["iassets"],"filesToWatch":["/home/carlos.filho/Documentos/Projects/Recup-FrontEndII/assets/js/bower_components","/home/carlos.filho/Documentos/Projects/Recup-FrontEndII/assets/js/node_modules"]}
[16:45:17.530] Finished typings discovery: {"cachedTypingPaths":[],"newTypingNames":["iassets"],"filesToWatch":["/home/carlos.filho/Documentos/Projects/Recup-FrontEndII/assets/js/bower_components","/home/carlos.filho/Documentos/Projects/Recup-FrontEndII/assets/js/node_modules"]}
[16:45:17.530] Installing typings ["iassets"]
[16:45:17.531] 'iassets':: Entry for package 'iassets' does not exist in local types registry - skipping...
[16:45:17.531] All typings are known to be missing or invalid - no need to install more typings
[16:45:17.531] Sending response:
    {"projectName":"/dev/null/inferredProject1*","typeAcquisition":{"enable":true,"include":[],"exclude":[]},"compilerOptions":{"module":1,"target":3,"jsx":1,"allowJs":true,"allowSyntheticDefaultImports":true,"allowNonTsExtensions":true,"noEmitForJsFiles":true,"maxNodeModuleJsDepth":2},"typings":[],"unresolvedImports":["iassets"],"kind":"action::set"}
[16:45:17.531] Response has been sent.
[16:45:18.293] Got install request {"projectName":"/dev/null/inferredProject1*","fileNames":["/home/carlos.filho/.npm-global/lib/node_modules/typescript/lib/lib.es5.d.ts","/home/carlos.filho/.npm-global/lib/node_modules/typescript/lib/lib.es2015.d.ts","/home/carlos.filho/.npm-global/lib/node_modules/typescript/lib/lib.es2016.d.ts","/home/carlos.filho/.npm-global/lib/node_modules/typescript/lib/lib.dom.d.ts","/home/carlos.filho/.npm-global/lib/node_modules/typescript/lib/lib.dom.iterable.d.ts","/home/carlos.filho/.npm-global/lib/node_modules/typescript/lib/lib.webworker.importscripts.d.ts","/home/carlos.filho/.npm-global/lib/node_modules/typescript/lib/lib.scripthost.d.ts","/home/carlos.filho/.npm-global/lib/node_modules/typescript/lib/lib.es2015.core.d.ts","/home/carlos.filho/.npm-global/lib/node_modules/typescript/lib/lib.es2015.collection.d.ts","/home/carlos.filho/.npm-global/lib/node_modules/typescript/lib/lib.es2015.generator.d.ts","/home/carlos.filho/.npm-global/lib/node_modules/typescript/lib/lib.es2015.iterable.d.ts","/home/carlos.filho/.npm-global/lib/node_modules/typescript/lib/lib.es2015.promise.d.ts","/home/carlos.filho/.npm-global/lib/node_modules/typescript/lib/lib.es2015.proxy.d.ts","/home/carlos.filho/.npm-global/lib/node_modules/typescript/lib/lib.es2015.reflect.d.ts","/home/carlos.filho/.npm-global/lib/node_modules/typescript/lib/lib.es2015.symbol.d.ts","/home/carlos.filho/.npm-global/lib/node_modules/typescript/lib/lib.es2015.symbol.wellknown.d.ts","/home/carlos.filho/.npm-global/lib/node_modules/typescript/lib/lib.es2016.array.include.d.ts","/home/carlos.filho/.npm-global/lib/node_modules/typescript/lib/lib.es2016.full.d.ts","/home/carlos.filho/Documentos/Projects/Recup-FrontEndII/assets/js/main.js"],"compilerOptions":{"module":1,"target":3,"jsx":1,"allowJs":true,"allowSyntheticDefaultImports":true,"allowNonTsExtensions":true,"noEmitForJsFiles":true,"maxNodeModuleJsDepth":2},"typeAcquisition":{"enable":true,"include":[],"exclude":[]},"unresolvedImports":["assets"],"projectRootPath":"/home/carlos.filho/Documentos/Projects/Recup-FrontEndII/assets/js","kind":"discover"}
[16:45:18.294] Explicitly included types: []
[16:45:18.294] Inferred typings from unresolved imports: ["assets"]
[16:45:18.294] Result: {"cachedTypingPaths":[],"newTypingNames":["assets"],"filesToWatch":["/home/carlos.filho/Documentos/Projects/Recup-FrontEndII/assets/js/bower_components","/home/carlos.filho/Documentos/Projects/Recup-FrontEndII/assets/js/node_modules"]}
[16:45:18.294] Finished typings discovery: {"cachedTypingPaths":[],"newTypingNames":["assets"],"filesToWatch":["/home/carlos.filho/Documentos/Projects/Recup-FrontEndII/assets/js/bower_components","/home/carlos.filho/Documentos/Projects/Recup-FrontEndII/assets/js/node_modules"]}
[16:45:18.295] Installing typings ["assets"]
[16:45:18.295] 'assets':: Entry for package 'assets' does not exist in local types registry - skipping...
[16:45:18.295] All typings are known to be missing or invalid - no need to install more typings
[16:45:18.295] Sending response:
    {"projectName":"/dev/null/inferredProject1*","typeAcquisition":{"enable":true,"include":[],"exclude":[]},"compilerOptions":{"module":1,"target":3,"jsx":1,"allowJs":true,"allowSyntheticDefaultImports":true,"allowNonTsExtensions":true,"noEmitForJsFiles":true,"maxNodeModuleJsDepth":2},"typings":[],"unresolvedImports":["assets"],"kind":"action::set"}
[16:45:18.295] Response has been sent.
[16:45:18.570] Got install request {"projectName":"/dev/null/inferredProject1*","fileNames":["/home/carlos.filho/.npm-global/lib/node_modules/typescript/lib/lib.es5.d.ts","/home/carlos.filho/.npm-global/lib/node_modules/typescript/lib/lib.es2015.d.ts","/home/carlos.filho/.npm-global/lib/node_modules/typescript/lib/lib.es2016.d.ts","/home/carlos.filho/.npm-global/lib/node_modules/typescript/lib/lib.dom.d.ts","/home/carlos.filho/.npm-global/lib/node_modules/typescript/lib/lib.dom.iterable.d.ts","/home/carlos.filho/.npm-global/lib/node_modules/typescript/lib/lib.webworker.importscripts.d.ts","/home/carlos.filho/.npm-global/lib/node_modules/typescript/lib/lib.scripthost.d.ts","/home/carlos.filho/.npm-global/lib/node_modules/typescript/lib/lib.es2015.core.d.ts","/home/carlos.filho/.npm-global/lib/node_modules/typescript/lib/lib.es2015.collection.d.ts","/home/carlos.filho/.npm-global/lib/node_modules/typescript/lib/lib.es2015.generator.d.ts","/home/carlos.filho/.npm-global/lib/node_modules/typescript/lib/lib.es2015.iterable.d.ts","/home/carlos.filho/.npm-global/lib/node_modules/typescript/lib/lib.es2015.promise.d.ts","/home/carlos.filho/.npm-global/lib/node_modules/typescript/lib/lib.es2015.proxy.d.ts","/home/carlos.filho/.npm-global/lib/node_modules/typescript/lib/lib.es2015.reflect.d.ts","/home/carlos.filho/.npm-global/lib/node_modules/typescript/lib/lib.es2015.symbol.d.ts","/home/carlos.filho/.npm-global/lib/node_modules/typescript/lib/lib.es2015.symbol.wellknown.d.ts","/home/carlos.filho/.npm-global/lib/node_modules/typescript/lib/lib.es2016.array.include.d.ts","/home/carlos.filho/.npm-global/lib/node_modules/typescript/lib/lib.es2016.full.d.ts","/home/carlos.filho/Documentos/Projects/Recup-FrontEndII/assets/js/main.js"],"compilerOptions":{"module":1,"target":3,"jsx":1,"allowJs":true,"allowSyntheticDefaultImports":true,"allowNonTsExtensions":true,"noEmitForJsFiles":true,"maxNodeModuleJsDepth":2},"typeAcquisition":{"enable":true,"include":[],"exclude":[]},"unresolvedImports":[],"projectRootPath":"/home/carlos.filho/Documentos/Projects/Recup-FrontEndII/assets/js","kind":"discover"}
[16:45:18.570] Explicitly included types: []
[16:45:18.570] Inferred typings from unresolved imports: []
[16:45:18.570] Result: {"cachedTypingPaths":[],"newTypingNames":[],"filesToWatch":["/home/carlos.filho/Documentos/Projects/Recup-FrontEndII/assets/js/bower_components","/home/carlos.filho/Documentos/Projects/Recup-FrontEndII/assets/js/node_modules"]}
[16:45:18.570] Finished typings discovery: {"cachedTypingPaths":[],"newTypingNames":[],"filesToWatch":["/home/carlos.filho/Documentos/Projects/Recup-FrontEndII/assets/js/bower_components","/home/carlos.filho/Documentos/Projects/Recup-FrontEndII/assets/js/node_modules"]}
[16:45:18.570] Sending response:
    {"projectName":"/dev/null/inferredProject1*","typeAcquisition":{"enable":true,"include":[],"exclude":[]},"compilerOptions":{"module":1,"target":3,"jsx":1,"allowJs":true,"allowSyntheticDefaultImports":true,"allowNonTsExtensions":true,"noEmitForJsFiles":true,"maxNodeModuleJsDepth":2},"typings":[],"unresolvedImports":[],"kind":"action::set"}
[16:45:18.571] Response has been sent.
[16:45:18.571] No new typings were requested as a result of typings discovery
